[0.133s] Invoking command in '/home/ubuntu/ros2_ws/build/cartographer_slam': CMAKE_PREFIX_PATH=${CMAKE_PREFIX_PATH}:/opt/ros/humble /usr/bin/cmake /home/ubuntu/ros2_ws/src/cartographer_slam -DCMAKE_INSTALL_PREFIX=/home/ubuntu/ros2_ws/install/cartographer_slam
[1.207s] -- The C compiler identification is GNU 11.3.0
[2.038s] -- The CXX compiler identification is GNU 11.3.0
[2.109s] -- Detecting C compiler ABI info
[2.619s] -- Detecting C compiler ABI info - done
[2.671s] -- Check for working C compiler: /usr/bin/cc - skipped
[2.680s] -- Detecting C compile features
[2.686s] -- Detecting C compile features - done
[2.734s] -- Detecting CXX compiler ABI info
[3.211s] -- Detecting CXX compiler ABI info - done
[3.261s] -- Check for working CXX compiler: /usr/bin/c++ - skipped
[3.262s] -- Detecting CXX compile features
[3.264s] -- Detecting CXX compile features - done
[3.363s] -- Found ament_cmake: 1.3.5 (/opt/ros/humble/share/ament_cmake/cmake)
[4.884s] -- Found Python3: /usr/bin/python3.10 (found version "3.10.6") found components: Interpreter 
[6.159s] -- Found ament_lint_auto: 0.12.7 (/opt/ros/humble/share/ament_lint_auto/cmake)
[6.786s] -- Added test 'copyright' to check source files copyright and LICENSE
[6.812s] -- Added test 'flake8' to check Python code syntax and style conventions
[6.820s] -- Added test 'lint_cmake' to check CMake code style
[6.828s] -- Added test 'pep257' to check Python code against some of the docstring style conventions in PEP 257
[6.844s] -- Added test 'xmllint' to check XML markup files
[6.864s] -- Configuring done
[6.906s] -- Generating done
[6.929s] -- Build files have been written to: /home/ubuntu/ros2_ws/build/cartographer_slam
[6.938s] Invoked command in '/home/ubuntu/ros2_ws/build/cartographer_slam' returned '0': CMAKE_PREFIX_PATH=${CMAKE_PREFIX_PATH}:/opt/ros/humble /usr/bin/cmake /home/ubuntu/ros2_ws/src/cartographer_slam -DCMAKE_INSTALL_PREFIX=/home/ubuntu/ros2_ws/install/cartographer_slam
[6.950s] Invoking command in '/home/ubuntu/ros2_ws/build/cartographer_slam': CMAKE_PREFIX_PATH=${CMAKE_PREFIX_PATH}:/opt/ros/humble /usr/bin/cmake --build /home/ubuntu/ros2_ws/build/cartographer_slam -- -j4 -l4
[7.164s] Invoked command in '/home/ubuntu/ros2_ws/build/cartographer_slam' returned '0': CMAKE_PREFIX_PATH=${CMAKE_PREFIX_PATH}:/opt/ros/humble /usr/bin/cmake --build /home/ubuntu/ros2_ws/build/cartographer_slam -- -j4 -l4
