[0.142s] Invoking command in '/home/ubuntu/ros2_ws/build/rviz2_server': CMAKE_PREFIX_PATH=${CMAKE_PREFIX_PATH}:/opt/ros/humble /usr/bin/cmake /home/ubuntu/ros2_ws/src/spl_packages/rviz2_server -DAMENT_CMAKE_SYMLINK_INSTALL=1 -DCMAKE_INSTALL_PREFIX=/home/ubuntu/ros2_ws/install/rviz2_server
[0.742s] -- The C compiler identification is GNU 11.3.0
[1.208s] -- The CXX compiler identification is GNU 11.3.0
[1.279s] -- Detecting C compiler ABI info
[1.871s] -- Detecting C compiler ABI info - done
[1.932s] -- Check for working C compiler: /usr/bin/cc - skipped
[1.937s] -- Detecting C compile features
[1.940s] -- Detecting C compile features - done
[1.962s] -- Detecting CXX compiler ABI info
[2.667s] -- Detecting CXX compiler ABI info - done
[2.713s] -- Check for working CXX compiler: /usr/bin/c++ - skipped
[2.716s] -- Detecting CXX compile features
[2.720s] -- Detecting CXX compile features - done
[2.766s] -- Found ament_cmake: 1.3.5 (/opt/ros/humble/share/ament_cmake/cmake)
[4.622s] -- Found Python3: /usr/bin/python3.10 (found version "3.10.6") found components: Interpreter 
[5.353s] -- Override CMake install command with custom implementation using symlinks instead of copying resources
[6.037s] -- Found rclcpp: 16.0.5 (/opt/ros/humble/share/rclcpp/cmake)
[6.623s] -- Found rosidl_generator_c: 3.1.5 (/opt/ros/humble/share/rosidl_generator_c/cmake)
[6.702s] -- Found rosidl_adapter: 3.1.5 (/opt/ros/humble/share/rosidl_adapter/cmake)
[6.802s] -- Found rosidl_generator_cpp: 3.1.5 (/opt/ros/humble/share/rosidl_generator_cpp/cmake)
[6.933s] -- Using all available rosidl_typesupport_c: rosidl_typesupport_fastrtps_c;rosidl_typesupport_introspection_c
[7.124s] -- Using all available rosidl_typesupport_cpp: rosidl_typesupport_fastrtps_cpp;rosidl_typesupport_introspection_cpp
[7.756s] -- Found rmw_implementation_cmake: 6.1.1 (/opt/ros/humble/share/rmw_implementation_cmake/cmake)
[7.802s] -- Found rmw_cyclonedds_cpp: 1.3.4 (/opt/ros/humble/share/rmw_cyclonedds_cpp/cmake)
[8.080s] -- Using RMW implementation 'rmw_cyclonedds_cpp' as default
[8.217s] -- Looking for pthread.h
[8.883s] -- Looking for pthread.h - found
[8.886s] -- Performing Test CMAKE_HAVE_LIBC_PTHREAD
[9.337s] -- Performing Test CMAKE_HAVE_LIBC_PTHREAD - Success
[9.341s] -- Found Threads: TRUE  
[10.256s] -- Found ament_lint_auto: 0.12.7 (/opt/ros/humble/share/ament_lint_auto/cmake)
[11.060s] -- Added test 'copyright' to check source files copyright and LICENSE
[11.080s] -- Added test 'flake8' to check Python code syntax and style conventions
[11.088s] -- Added test 'lint_cmake' to check CMake code style
[11.095s] -- Added test 'pep257' to check Python code against some of the docstring style conventions in PEP 257
[11.109s] -- Added test 'xmllint' to check XML markup files
[11.148s] -- Configuring done
[11.229s] -- Generating done
[11.249s] -- Build files have been written to: /home/ubuntu/ros2_ws/build/rviz2_server
[11.302s] Invoked command in '/home/ubuntu/ros2_ws/build/rviz2_server' returned '0': CMAKE_PREFIX_PATH=${CMAKE_PREFIX_PATH}:/opt/ros/humble /usr/bin/cmake /home/ubuntu/ros2_ws/src/spl_packages/rviz2_server -DAMENT_CMAKE_SYMLINK_INSTALL=1 -DCMAKE_INSTALL_PREFIX=/home/ubuntu/ros2_ws/install/rviz2_server
[11.305s] Invoking command in '/home/ubuntu/ros2_ws/build/rviz2_server': CMAKE_PREFIX_PATH=${CMAKE_PREFIX_PATH}:/opt/ros/humble /usr/bin/cmake --build /home/ubuntu/ros2_ws/build/rviz2_server -- -j4 -l4
[11.651s] Invoked command in '/home/ubuntu/ros2_ws/build/rviz2_server' returned '0': CMAKE_PREFIX_PATH=${CMAKE_PREFIX_PATH}:/opt/ros/humble /usr/bin/cmake --build /home/ubuntu/ros2_ws/build/rviz2_server -- -j4 -l4
[11.839s] Invoking command in '/home/ubuntu/ros2_ws/build/rviz2_server': CMAKE_PREFIX_PATH=${CMAKE_PREFIX_PATH}:/opt/ros/humble /usr/bin/cmake --install /home/ubuntu/ros2_ws/build/rviz2_server
[11.897s] -- Install configuration: ""
[11.909s] -- Execute custom install script
[11.920s] -- Symlinking: /home/ubuntu/ros2_ws/install/rviz2_server/share/rviz2_server/launch/spl_rviz2.launch.py
[11.971s] -- Symlinking: /home/ubuntu/ros2_ws/install/rviz2_server/share/rviz2_server/config/rviz_config.rviz
[12.106s] -- Symlinking: /home/ubuntu/ros2_ws/install/rviz2_server/share/ament_index/resource_index/package_run_dependencies/rviz2_server
[12.188s] -- Symlinking: /home/ubuntu/ros2_ws/install/rviz2_server/share/ament_index/resource_index/parent_prefix_path/rviz2_server
[12.254s] -- Symlinking: /home/ubuntu/ros2_ws/install/rviz2_server/share/rviz2_server/environment/ament_prefix_path.sh
[12.302s] -- Symlinking: /home/ubuntu/ros2_ws/install/rviz2_server/share/rviz2_server/environment/ament_prefix_path.dsv
[12.341s] -- Symlinking: /home/ubuntu/ros2_ws/install/rviz2_server/share/rviz2_server/environment/path.sh
[12.385s] -- Symlinking: /home/ubuntu/ros2_ws/install/rviz2_server/share/rviz2_server/environment/path.dsv
[12.422s] -- Symlinking: /home/ubuntu/ros2_ws/install/rviz2_server/share/rviz2_server/local_setup.bash
[12.473s] -- Symlinking: /home/ubuntu/ros2_ws/install/rviz2_server/share/rviz2_server/local_setup.sh
[12.524s] -- Symlinking: /home/ubuntu/ros2_ws/install/rviz2_server/share/rviz2_server/local_setup.zsh
[12.576s] -- Symlinking: /home/ubuntu/ros2_ws/install/rviz2_server/share/rviz2_server/local_setup.dsv
[12.631s] -- Symlinking: /home/ubuntu/ros2_ws/install/rviz2_server/share/rviz2_server/package.dsv
[12.695s] -- Symlinking: /home/ubuntu/ros2_ws/install/rviz2_server/share/ament_index/resource_index/packages/rviz2_server
[12.743s] -- Symlinking: /home/ubuntu/ros2_ws/install/rviz2_server/share/rviz2_server/cmake/rviz2_serverConfig.cmake
[12.794s] -- Symlinking: /home/ubuntu/ros2_ws/install/rviz2_server/share/rviz2_server/cmake/rviz2_serverConfig-version.cmake
[12.879s] -- Symlinking: /home/ubuntu/ros2_ws/install/rviz2_server/share/rviz2_server/package.xml
[12.956s] Invoked command in '/home/ubuntu/ros2_ws/build/rviz2_server' returned '0': CMAKE_PREFIX_PATH=${CMAKE_PREFIX_PATH}:/opt/ros/humble /usr/bin/cmake --install /home/ubuntu/ros2_ws/build/rviz2_server
