[0.075s] Invoking command in '/home/ubuntu/ros2_ws/build/turtlebot4_viz': CMAKE_PREFIX_PATH=/home/ubuntu/ros2_ws/install/turtlebot4_description:/home/ubuntu/ros2_ws/install/turtlebot4_desktop:/home/ubuntu/ros2_ws/install/turtlebot4_viz:/home/ubuntu/ros2_ws/install/turtlebot4_node:/home/ubuntu/ros2_ws/install/turtlebot4_navigation:/home/ubuntu/ros2_ws/install/turtlebot4_msgs:/home/ubuntu/ros2_ws/install/spl_bringup:/home/ubuntu/ros2_ws/install/rviz2_server:/home/ubuntu/ros2_ws/install/path_planner_server:/home/ubuntu/ros2_ws/install/nav2_straightline_planner:/home/ubuntu/ros2_ws/install/localization_server:/home/ubuntu/ros2_ws/install/execution_policy_server:/home/ubuntu/ros2_ws/install/irobot_create_msgs:/home/ubuntu/ros2_ws/install/commander_server:/home/ubuntu/ros2_ws/install/cartographer_slam:/opt/ros/humble /usr/bin/cmake /home/ubuntu/ros2_ws/src/turtlebot4_desktop/turtlebot4_viz -DAMENT_CMAKE_SYMLINK_INSTALL=1 -DCMAKE_INSTALL_PREFIX=/home/ubuntu/ros2_ws/install/turtlebot4_viz
[0.414s] -- The C compiler identification is GNU 11.3.0
[0.772s] -- The CXX compiler identification is GNU 11.3.0
[0.816s] -- Detecting C compiler ABI info
[1.345s] -- Detecting C compiler ABI info - done
[1.392s] -- Check for working C compiler: /usr/bin/cc - skipped
[1.395s] -- Detecting C compile features
[1.399s] -- Detecting C compile features - done
[1.420s] -- Detecting CXX compiler ABI info
[1.984s] -- Detecting CXX compiler ABI info - done
[2.027s] -- Check for working CXX compiler: /usr/bin/c++ - skipped
[2.033s] -- Detecting CXX compile features
[2.035s] -- Detecting CXX compile features - done
[2.074s] -- Found ament_cmake: 1.3.5 (/opt/ros/humble/share/ament_cmake/cmake)
[3.597s] -- Found Python3: /usr/bin/python3.10 (found version "3.10.6") found components: Interpreter 
[4.099s] -- Override CMake install command with custom implementation using symlinks instead of copying resources
[4.561s] -- Found ament_lint_auto: 0.12.7 (/opt/ros/humble/share/ament_lint_auto/cmake)
[5.384s] -- Added test 'copyright' to check source files copyright and LICENSE
[5.406s] -- Added test 'flake8' to check Python code syntax and style conventions
[5.413s] -- Added test 'lint_cmake' to check CMake code style
[5.419s] -- Added test 'pep257' to check Python code against some of the docstring style conventions in PEP 257
[5.431s] -- Added test 'xmllint' to check XML markup files
[5.450s] -- Configuring done
[5.478s] -- Generating done
[5.487s] -- Build files have been written to: /home/ubuntu/ros2_ws/build/turtlebot4_viz
[5.516s] Invoked command in '/home/ubuntu/ros2_ws/build/turtlebot4_viz' returned '0': CMAKE_PREFIX_PATH=/home/ubuntu/ros2_ws/install/turtlebot4_description:/home/ubuntu/ros2_ws/install/turtlebot4_desktop:/home/ubuntu/ros2_ws/install/turtlebot4_viz:/home/ubuntu/ros2_ws/install/turtlebot4_node:/home/ubuntu/ros2_ws/install/turtlebot4_navigation:/home/ubuntu/ros2_ws/install/turtlebot4_msgs:/home/ubuntu/ros2_ws/install/spl_bringup:/home/ubuntu/ros2_ws/install/rviz2_server:/home/ubuntu/ros2_ws/install/path_planner_server:/home/ubuntu/ros2_ws/install/nav2_straightline_planner:/home/ubuntu/ros2_ws/install/localization_server:/home/ubuntu/ros2_ws/install/execution_policy_server:/home/ubuntu/ros2_ws/install/irobot_create_msgs:/home/ubuntu/ros2_ws/install/commander_server:/home/ubuntu/ros2_ws/install/cartographer_slam:/opt/ros/humble /usr/bin/cmake /home/ubuntu/ros2_ws/src/turtlebot4_desktop/turtlebot4_viz -DAMENT_CMAKE_SYMLINK_INSTALL=1 -DCMAKE_INSTALL_PREFIX=/home/ubuntu/ros2_ws/install/turtlebot4_viz
[5.518s] Invoking command in '/home/ubuntu/ros2_ws/build/turtlebot4_viz': CMAKE_PREFIX_PATH=/home/ubuntu/ros2_ws/install/turtlebot4_description:/home/ubuntu/ros2_ws/install/turtlebot4_desktop:/home/ubuntu/ros2_ws/install/turtlebot4_viz:/home/ubuntu/ros2_ws/install/turtlebot4_node:/home/ubuntu/ros2_ws/install/turtlebot4_navigation:/home/ubuntu/ros2_ws/install/turtlebot4_msgs:/home/ubuntu/ros2_ws/install/spl_bringup:/home/ubuntu/ros2_ws/install/rviz2_server:/home/ubuntu/ros2_ws/install/path_planner_server:/home/ubuntu/ros2_ws/install/nav2_straightline_planner:/home/ubuntu/ros2_ws/install/localization_server:/home/ubuntu/ros2_ws/install/execution_policy_server:/home/ubuntu/ros2_ws/install/irobot_create_msgs:/home/ubuntu/ros2_ws/install/commander_server:/home/ubuntu/ros2_ws/install/cartographer_slam:/opt/ros/humble /usr/bin/cmake --build /home/ubuntu/ros2_ws/build/turtlebot4_viz -- -j4 -l4
[5.924s] Invoked command in '/home/ubuntu/ros2_ws/build/turtlebot4_viz' returned '0': CMAKE_PREFIX_PATH=/home/ubuntu/ros2_ws/install/turtlebot4_description:/home/ubuntu/ros2_ws/install/turtlebot4_desktop:/home/ubuntu/ros2_ws/install/turtlebot4_viz:/home/ubuntu/ros2_ws/install/turtlebot4_node:/home/ubuntu/ros2_ws/install/turtlebot4_navigation:/home/ubuntu/ros2_ws/install/turtlebot4_msgs:/home/ubuntu/ros2_ws/install/spl_bringup:/home/ubuntu/ros2_ws/install/rviz2_server:/home/ubuntu/ros2_ws/install/path_planner_server:/home/ubuntu/ros2_ws/install/nav2_straightline_planner:/home/ubuntu/ros2_ws/install/localization_server:/home/ubuntu/ros2_ws/install/execution_policy_server:/home/ubuntu/ros2_ws/install/irobot_create_msgs:/home/ubuntu/ros2_ws/install/commander_server:/home/ubuntu/ros2_ws/install/cartographer_slam:/opt/ros/humble /usr/bin/cmake --build /home/ubuntu/ros2_ws/build/turtlebot4_viz -- -j4 -l4
[6.375s] Invoking command in '/home/ubuntu/ros2_ws/build/turtlebot4_viz': CMAKE_PREFIX_PATH=/home/ubuntu/ros2_ws/install/turtlebot4_description:/home/ubuntu/ros2_ws/install/turtlebot4_desktop:/home/ubuntu/ros2_ws/install/turtlebot4_viz:/home/ubuntu/ros2_ws/install/turtlebot4_node:/home/ubuntu/ros2_ws/install/turtlebot4_navigation:/home/ubuntu/ros2_ws/install/turtlebot4_msgs:/home/ubuntu/ros2_ws/install/spl_bringup:/home/ubuntu/ros2_ws/install/rviz2_server:/home/ubuntu/ros2_ws/install/path_planner_server:/home/ubuntu/ros2_ws/install/nav2_straightline_planner:/home/ubuntu/ros2_ws/install/localization_server:/home/ubuntu/ros2_ws/install/execution_policy_server:/home/ubuntu/ros2_ws/install/irobot_create_msgs:/home/ubuntu/ros2_ws/install/commander_server:/home/ubuntu/ros2_ws/install/cartographer_slam:/opt/ros/humble /usr/bin/cmake --install /home/ubuntu/ros2_ws/build/turtlebot4_viz
[6.496s] -- Install configuration: ""
[6.498s] -- Execute custom install script
[6.507s] -- Symlinking: /home/ubuntu/ros2_ws/install/turtlebot4_viz/share/turtlebot4_viz/launch/view_diagnostics.launch.py
[6.611s] -- Symlinking: /home/ubuntu/ros2_ws/install/turtlebot4_viz/share/turtlebot4_viz/launch/view_model.launch.py
[6.727s] -- Symlinking: /home/ubuntu/ros2_ws/install/turtlebot4_viz/share/turtlebot4_viz/launch/view_robot.launch.py
[6.832s] -- Symlinking: /home/ubuntu/ros2_ws/install/turtlebot4_viz/share/turtlebot4_viz/rviz/model.rviz
[6.961s] -- Symlinking: /home/ubuntu/ros2_ws/install/turtlebot4_viz/share/turtlebot4_viz/rviz/robot.rviz
[7.083s] -- Symlinking: /home/ubuntu/ros2_ws/install/turtlebot4_viz/share/ament_index/resource_index/package_run_dependencies/turtlebot4_viz
[7.184s] -- Symlinking: /home/ubuntu/ros2_ws/install/turtlebot4_viz/share/ament_index/resource_index/parent_prefix_path/turtlebot4_viz
[7.291s] -- Symlinking: /home/ubuntu/ros2_ws/install/turtlebot4_viz/share/turtlebot4_viz/environment/ament_prefix_path.sh
[7.416s] -- Symlinking: /home/ubuntu/ros2_ws/install/turtlebot4_viz/share/turtlebot4_viz/environment/ament_prefix_path.dsv
[7.512s] -- Symlinking: /home/ubuntu/ros2_ws/install/turtlebot4_viz/share/turtlebot4_viz/environment/path.sh
[7.643s] -- Symlinking: /home/ubuntu/ros2_ws/install/turtlebot4_viz/share/turtlebot4_viz/environment/path.dsv
[7.778s] -- Symlinking: /home/ubuntu/ros2_ws/install/turtlebot4_viz/share/turtlebot4_viz/local_setup.bash
[7.866s] -- Symlinking: /home/ubuntu/ros2_ws/install/turtlebot4_viz/share/turtlebot4_viz/local_setup.sh
[7.980s] -- Symlinking: /home/ubuntu/ros2_ws/install/turtlebot4_viz/share/turtlebot4_viz/local_setup.zsh
[8.100s] -- Symlinking: /home/ubuntu/ros2_ws/install/turtlebot4_viz/share/turtlebot4_viz/local_setup.dsv
[8.186s] -- Symlinking: /home/ubuntu/ros2_ws/install/turtlebot4_viz/share/turtlebot4_viz/package.dsv
[8.267s] -- Symlinking: /home/ubuntu/ros2_ws/install/turtlebot4_viz/share/ament_index/resource_index/packages/turtlebot4_viz
[8.329s] -- Symlinking: /home/ubuntu/ros2_ws/install/turtlebot4_viz/share/turtlebot4_viz/cmake/turtlebot4_vizConfig.cmake
[8.391s] -- Symlinking: /home/ubuntu/ros2_ws/install/turtlebot4_viz/share/turtlebot4_viz/cmake/turtlebot4_vizConfig-version.cmake
[8.449s] -- Symlinking: /home/ubuntu/ros2_ws/install/turtlebot4_viz/share/turtlebot4_viz/package.xml
[8.522s] Invoked command in '/home/ubuntu/ros2_ws/build/turtlebot4_viz' returned '0': CMAKE_PREFIX_PATH=/home/ubuntu/ros2_ws/install/turtlebot4_description:/home/ubuntu/ros2_ws/install/turtlebot4_desktop:/home/ubuntu/ros2_ws/install/turtlebot4_viz:/home/ubuntu/ros2_ws/install/turtlebot4_node:/home/ubuntu/ros2_ws/install/turtlebot4_navigation:/home/ubuntu/ros2_ws/install/turtlebot4_msgs:/home/ubuntu/ros2_ws/install/spl_bringup:/home/ubuntu/ros2_ws/install/rviz2_server:/home/ubuntu/ros2_ws/install/path_planner_server:/home/ubuntu/ros2_ws/install/nav2_straightline_planner:/home/ubuntu/ros2_ws/install/localization_server:/home/ubuntu/ros2_ws/install/execution_policy_server:/home/ubuntu/ros2_ws/install/irobot_create_msgs:/home/ubuntu/ros2_ws/install/commander_server:/home/ubuntu/ros2_ws/install/cartographer_slam:/opt/ros/humble /usr/bin/cmake --install /home/ubuntu/ros2_ws/build/turtlebot4_viz
