[0.088s] Invoking command in '/home/ubuntu/ros2_ws/build/execution_policy_server': CMAKE_PREFIX_PATH=/home/ubuntu/ros2_ws/install/irobot_create_msgs:/home/ubuntu/ros2_ws/install/turtlebot4_desktop:/home/ubuntu/ros2_ws/install/turtlebot4_viz:/home/ubuntu/ros2_ws/install/turtlebot4_node:/home/ubuntu/ros2_ws/install/turtlebot4_navigation:/home/ubuntu/ros2_ws/install/turtlebot4_msgs:/home/ubuntu/ros2_ws/install/turtlebot4_description:/home/ubuntu/ros2_ws/install/spl_bringup:/home/ubuntu/ros2_ws/install/rviz2_server:/home/ubuntu/ros2_ws/install/path_planner_server:/home/ubuntu/ros2_ws/install/nav2_straightline_planner:/home/ubuntu/ros2_ws/install/localization_server:/home/ubuntu/ros2_ws/install/execution_policy_server:/home/ubuntu/ros2_ws/install/commander_server:/home/ubuntu/ros2_ws/install/cartographer_slam:/opt/ros/humble LD_LIBRARY_PATH=/home/ubuntu/ros2_ws/install/irobot_create_msgs/lib:/home/ubuntu/ros2_ws/install/turtlebot4_msgs/lib:/home/ubuntu/ros2_ws/install/nav2_straightline_planner/lib:/opt/ros/humble/opt/rviz_ogre_vendor/lib:/opt/ros/humble/lib/aarch64-linux-gnu:/opt/ros/humble/lib /usr/bin/cmake /home/ubuntu/ros2_ws/src/spl_packages/execution_policy_server -DAMENT_CMAKE_SYMLINK_INSTALL=1 -DCMAKE_INSTALL_PREFIX=/home/ubuntu/ros2_ws/install/execution_policy_server
[0.398s] -- The C compiler identification is GNU 11.3.0
[0.685s] -- The CXX compiler identification is GNU 11.3.0
[0.720s] -- Detecting C compiler ABI info
[1.084s] -- Detecting C compiler ABI info - done
[1.118s] -- Check for working C compiler: /usr/bin/cc - skipped
[1.118s] -- Detecting C compile features
[1.120s] -- Detecting C compile features - done
[1.132s] -- Detecting CXX compiler ABI info
[1.551s] -- Detecting CXX compiler ABI info - done
[1.584s] -- Check for working CXX compiler: /usr/bin/c++ - skipped
[1.585s] -- Detecting CXX compile features
[1.587s] -- Detecting CXX compile features - done
[1.632s] -- Found ament_cmake: 1.3.5 (/opt/ros/humble/share/ament_cmake/cmake)
[2.748s] -- Found Python3: /usr/bin/python3.10 (found version "3.10.6") found components: Interpreter 
[3.125s] -- Override CMake install command with custom implementation using symlinks instead of copying resources
[3.649s] -- Found rclcpp: 16.0.5 (/opt/ros/humble/share/rclcpp/cmake)
[4.178s] -- Found rosidl_generator_c: 3.1.5 (/opt/ros/humble/share/rosidl_generator_c/cmake)
[4.256s] -- Found rosidl_adapter: 3.1.5 (/opt/ros/humble/share/rosidl_adapter/cmake)
[4.349s] -- Found rosidl_generator_cpp: 3.1.5 (/opt/ros/humble/share/rosidl_generator_cpp/cmake)
[4.467s] -- Using all available rosidl_typesupport_c: rosidl_typesupport_fastrtps_c;rosidl_typesupport_introspection_c
[4.641s] -- Using all available rosidl_typesupport_cpp: rosidl_typesupport_fastrtps_cpp;rosidl_typesupport_introspection_cpp
[5.202s] -- Found rmw_implementation_cmake: 6.1.1 (/opt/ros/humble/share/rmw_implementation_cmake/cmake)
[5.246s] -- Found rmw_cyclonedds_cpp: 1.3.4 (/opt/ros/humble/share/rmw_cyclonedds_cpp/cmake)
[5.499s] -- Using RMW implementation 'rmw_cyclonedds_cpp' as default
[5.626s] -- Looking for pthread.h
[6.022s] -- Looking for pthread.h - found
[6.024s] -- Performing Test CMAKE_HAVE_LIBC_PTHREAD
[6.428s] -- Performing Test CMAKE_HAVE_LIBC_PTHREAD - Success
[6.434s] -- Found Threads: TRUE  
[7.239s] -- Found rclcpp_action: 16.0.5 (/opt/ros/humble/share/rclcpp_action/cmake)
[7.720s] -- Found irobot_create_msgs: 2.1.0 (/home/ubuntu/ros2_ws/install/irobot_create_msgs/share/irobot_create_msgs/cmake)
[8.448s] -- Found nav2_msgs: 1.1.8 (/opt/ros/humble/share/nav2_msgs/cmake)
[9.549s] -- Found ament_lint_auto: 0.12.7 (/opt/ros/humble/share/ament_lint_auto/cmake)
[10.281s] -- Added test 'copyright' to check source files copyright and LICENSE
[10.297s] -- Added test 'cppcheck' to perform static code analysis on C / C++ code
[10.299s] -- Configured cppcheck include dirs: /home/ubuntu/ros2_ws/src/spl_packages/execution_policy_server/include
[10.300s] -- Configured cppcheck exclude dirs and/or files: 
[10.314s] -- Added test 'cpplint' to check C / C++ code against the Google style
[10.320s] -- Configured cpplint exclude dirs and/or files: 
[10.336s] -- Added test 'lint_cmake' to check CMake code style
[10.353s] -- Added test 'uncrustify' to check C / C++ code style
[10.353s] -- Configured uncrustify additional arguments: 
[10.362s] -- Added test 'xmllint' to check XML markup files
[10.403s] -- Configuring done
[10.610s] -- Generating done
[10.630s] -- Build files have been written to: /home/ubuntu/ros2_ws/build/execution_policy_server
[10.681s] Invoked command in '/home/ubuntu/ros2_ws/build/execution_policy_server' returned '0': CMAKE_PREFIX_PATH=/home/ubuntu/ros2_ws/install/irobot_create_msgs:/home/ubuntu/ros2_ws/install/turtlebot4_desktop:/home/ubuntu/ros2_ws/install/turtlebot4_viz:/home/ubuntu/ros2_ws/install/turtlebot4_node:/home/ubuntu/ros2_ws/install/turtlebot4_navigation:/home/ubuntu/ros2_ws/install/turtlebot4_msgs:/home/ubuntu/ros2_ws/install/turtlebot4_description:/home/ubuntu/ros2_ws/install/spl_bringup:/home/ubuntu/ros2_ws/install/rviz2_server:/home/ubuntu/ros2_ws/install/path_planner_server:/home/ubuntu/ros2_ws/install/nav2_straightline_planner:/home/ubuntu/ros2_ws/install/localization_server:/home/ubuntu/ros2_ws/install/execution_policy_server:/home/ubuntu/ros2_ws/install/commander_server:/home/ubuntu/ros2_ws/install/cartographer_slam:/opt/ros/humble LD_LIBRARY_PATH=/home/ubuntu/ros2_ws/install/irobot_create_msgs/lib:/home/ubuntu/ros2_ws/install/turtlebot4_msgs/lib:/home/ubuntu/ros2_ws/install/nav2_straightline_planner/lib:/opt/ros/humble/opt/rviz_ogre_vendor/lib:/opt/ros/humble/lib/aarch64-linux-gnu:/opt/ros/humble/lib /usr/bin/cmake /home/ubuntu/ros2_ws/src/spl_packages/execution_policy_server -DAMENT_CMAKE_SYMLINK_INSTALL=1 -DCMAKE_INSTALL_PREFIX=/home/ubuntu/ros2_ws/install/execution_policy_server
[10.683s] Invoking command in '/home/ubuntu/ros2_ws/build/execution_policy_server': CMAKE_PREFIX_PATH=/home/ubuntu/ros2_ws/install/irobot_create_msgs:/home/ubuntu/ros2_ws/install/turtlebot4_desktop:/home/ubuntu/ros2_ws/install/turtlebot4_viz:/home/ubuntu/ros2_ws/install/turtlebot4_node:/home/ubuntu/ros2_ws/install/turtlebot4_navigation:/home/ubuntu/ros2_ws/install/turtlebot4_msgs:/home/ubuntu/ros2_ws/install/turtlebot4_description:/home/ubuntu/ros2_ws/install/spl_bringup:/home/ubuntu/ros2_ws/install/rviz2_server:/home/ubuntu/ros2_ws/install/path_planner_server:/home/ubuntu/ros2_ws/install/nav2_straightline_planner:/home/ubuntu/ros2_ws/install/localization_server:/home/ubuntu/ros2_ws/install/execution_policy_server:/home/ubuntu/ros2_ws/install/commander_server:/home/ubuntu/ros2_ws/install/cartographer_slam:/opt/ros/humble LD_LIBRARY_PATH=/home/ubuntu/ros2_ws/install/irobot_create_msgs/lib:/home/ubuntu/ros2_ws/install/turtlebot4_msgs/lib:/home/ubuntu/ros2_ws/install/nav2_straightline_planner/lib:/opt/ros/humble/opt/rviz_ogre_vendor/lib:/opt/ros/humble/lib/aarch64-linux-gnu:/opt/ros/humble/lib /usr/bin/cmake --build /home/ubuntu/ros2_ws/build/execution_policy_server -- -j4 -l4
[11.080s] [ 50%] [32mBuilding CXX object CMakeFiles/turtlebot4_navigator.dir/src/turtlebot4_navigator.cpp.o[0m
