[0.141s] Invoking command in '/home/ubuntu/ros2_ws/build/turtlebot4_description': CMAKE_PREFIX_PATH=${CMAKE_PREFIX_PATH}:/opt/ros/humble /usr/bin/cmake /home/ubuntu/ros2_ws/src/turtlebot4/turtlebot4_description -DAMENT_CMAKE_SYMLINK_INSTALL=1 -DCMAKE_INSTALL_PREFIX=/home/ubuntu/ros2_ws/install/turtlebot4_description
[0.592s] -- The C compiler identification is GNU 11.3.0
[1.077s] -- The CXX compiler identification is GNU 11.3.0
[1.121s] -- Detecting C compiler ABI info
[1.644s] -- Detecting C compiler ABI info - done
[1.730s] -- Check for working C compiler: /usr/bin/cc - skipped
[1.731s] -- Detecting C compile features
[1.733s] -- Detecting C compile features - done
[1.759s] -- Detecting CXX compiler ABI info
[2.398s] -- Detecting CXX compiler ABI info - done
[2.463s] -- Check for working CXX compiler: /usr/bin/c++ - skipped
[2.467s] -- Detecting CXX compile features
[2.471s] -- Detecting CXX compile features - done
[2.556s] -- Found ament_cmake: 1.3.5 (/opt/ros/humble/share/ament_cmake/cmake)
[4.116s] -- Found Python3: /usr/bin/python3.10 (found version "3.10.6") found components: Interpreter 
[4.561s] -- Override CMake install command with custom implementation using symlinks instead of copying resources
[4.981s] -- Found urdf: 2.6.0 (/opt/ros/humble/share/urdf/cmake)
[5.697s] -- Found irobot_create_description: 2.1.0 (/opt/ros/humble/share/irobot_create_description/cmake)
[5.721s] -- Found ament_lint_auto: 0.12.7 (/opt/ros/humble/share/ament_lint_auto/cmake)
[6.412s] -- Added test 'copyright' to check source files copyright and LICENSE
[6.457s] -- Added test 'flake8' to check Python code syntax and style conventions
[6.468s] -- Added test 'lint_cmake' to check CMake code style
[6.478s] -- Added test 'pep257' to check Python code against some of the docstring style conventions in PEP 257
[6.505s] -- Added test 'xmllint' to check XML markup files
[6.546s] -- Configuring done
[6.609s] -- Generating done
[6.622s] -- Build files have been written to: /home/ubuntu/ros2_ws/build/turtlebot4_description
[6.653s] Invoked command in '/home/ubuntu/ros2_ws/build/turtlebot4_description' returned '0': CMAKE_PREFIX_PATH=${CMAKE_PREFIX_PATH}:/opt/ros/humble /usr/bin/cmake /home/ubuntu/ros2_ws/src/turtlebot4/turtlebot4_description -DAMENT_CMAKE_SYMLINK_INSTALL=1 -DCMAKE_INSTALL_PREFIX=/home/ubuntu/ros2_ws/install/turtlebot4_description
[6.662s] Invoking command in '/home/ubuntu/ros2_ws/build/turtlebot4_description': CMAKE_PREFIX_PATH=${CMAKE_PREFIX_PATH}:/opt/ros/humble /usr/bin/cmake --build /home/ubuntu/ros2_ws/build/turtlebot4_description -- -j4 -l4
[6.844s] Invoked command in '/home/ubuntu/ros2_ws/build/turtlebot4_description' returned '0': CMAKE_PREFIX_PATH=${CMAKE_PREFIX_PATH}:/opt/ros/humble /usr/bin/cmake --build /home/ubuntu/ros2_ws/build/turtlebot4_description -- -j4 -l4
[6.996s] Invoking command in '/home/ubuntu/ros2_ws/build/turtlebot4_description': CMAKE_PREFIX_PATH=${CMAKE_PREFIX_PATH}:/opt/ros/humble /usr/bin/cmake --install /home/ubuntu/ros2_ws/build/turtlebot4_description
[7.049s] -- Install configuration: ""
[7.053s] -- Execute custom install script
[7.060s] -- Symlinking: /home/ubuntu/ros2_ws/install/turtlebot4_description/share/turtlebot4_description/launch/robot_description.launch.py
[7.118s] -- Symlinking: /home/ubuntu/ros2_ws/install/turtlebot4_description/share/turtlebot4_description/meshes/camera_bracket.dae
[7.163s] -- Symlinking: /home/ubuntu/ros2_ws/install/turtlebot4_description/share/turtlebot4_description/meshes/oakd_lite.dae
[7.205s] -- Symlinking: /home/ubuntu/ros2_ws/install/turtlebot4_description/share/turtlebot4_description/meshes/oakd_pro.dae
[7.263s] -- Symlinking: /home/ubuntu/ros2_ws/install/turtlebot4_description/share/turtlebot4_description/meshes/rplidar.dae
[7.310s] -- Symlinking: /home/ubuntu/ros2_ws/install/turtlebot4_description/share/turtlebot4_description/meshes/shell.dae
[7.403s] -- Symlinking: /home/ubuntu/ros2_ws/install/turtlebot4_description/share/turtlebot4_description/meshes/shell_collision.dae
[7.458s] -- Symlinking: /home/ubuntu/ros2_ws/install/turtlebot4_description/share/turtlebot4_description/meshes/tower.dae
[7.550s] -- Symlinking: /home/ubuntu/ros2_ws/install/turtlebot4_description/share/turtlebot4_description/meshes/tower_sensor_plate.dae
[7.603s] -- Symlinking: /home/ubuntu/ros2_ws/install/turtlebot4_description/share/turtlebot4_description/meshes/tower_standoff.dae
[7.651s] -- Symlinking: /home/ubuntu/ros2_ws/install/turtlebot4_description/share/turtlebot4_description/meshes/weight_block.dae
[7.707s] -- Symlinking: /home/ubuntu/ros2_ws/install/turtlebot4_description/share/turtlebot4_description/urdf/lite/turtlebot4.urdf.xacro
[7.755s] -- Symlinking: /home/ubuntu/ros2_ws/install/turtlebot4_description/share/turtlebot4_description/urdf/sensors/camera_bracket.urdf.xacro
[7.806s] -- Symlinking: /home/ubuntu/ros2_ws/install/turtlebot4_description/share/turtlebot4_description/urdf/sensors/oakd.urdf.xacro
[7.869s] -- Symlinking: /home/ubuntu/ros2_ws/install/turtlebot4_description/share/turtlebot4_description/urdf/sensors/rplidar.urdf.xacro
[7.917s] -- Symlinking: /home/ubuntu/ros2_ws/install/turtlebot4_description/share/turtlebot4_description/urdf/standard/tower_sensor_plate.urdf.xacro
[8.004s] -- Symlinking: /home/ubuntu/ros2_ws/install/turtlebot4_description/share/turtlebot4_description/urdf/standard/tower_standoff.urdf.xacro
[8.061s] -- Symlinking: /home/ubuntu/ros2_ws/install/turtlebot4_description/share/turtlebot4_description/urdf/standard/turtlebot4.urdf.xacro
[8.121s] -- Symlinking: /home/ubuntu/ros2_ws/install/turtlebot4_description/share/turtlebot4_description/urdf/standard/weight_block.urdf.xacro
[8.168s] -- Symlinking: /home/ubuntu/ros2_ws/install/turtlebot4_description/share/ament_index/resource_index/package_run_dependencies/turtlebot4_description
[8.219s] -- Symlinking: /home/ubuntu/ros2_ws/install/turtlebot4_description/share/ament_index/resource_index/parent_prefix_path/turtlebot4_description
[8.289s] -- Symlinking: /home/ubuntu/ros2_ws/install/turtlebot4_description/share/turtlebot4_description/environment/ament_prefix_path.sh
[8.336s] -- Symlinking: /home/ubuntu/ros2_ws/install/turtlebot4_description/share/turtlebot4_description/environment/ament_prefix_path.dsv
[8.398s] -- Symlinking: /home/ubuntu/ros2_ws/install/turtlebot4_description/share/turtlebot4_description/environment/path.sh
[8.452s] -- Symlinking: /home/ubuntu/ros2_ws/install/turtlebot4_description/share/turtlebot4_description/environment/path.dsv
[8.503s] -- Symlinking: /home/ubuntu/ros2_ws/install/turtlebot4_description/share/turtlebot4_description/local_setup.bash
[8.559s] -- Symlinking: /home/ubuntu/ros2_ws/install/turtlebot4_description/share/turtlebot4_description/local_setup.sh
[8.629s] -- Symlinking: /home/ubuntu/ros2_ws/install/turtlebot4_description/share/turtlebot4_description/local_setup.zsh
[8.695s] -- Symlinking: /home/ubuntu/ros2_ws/install/turtlebot4_description/share/turtlebot4_description/local_setup.dsv
[8.787s] -- Symlinking: /home/ubuntu/ros2_ws/install/turtlebot4_description/share/turtlebot4_description/package.dsv
[8.842s] -- Symlinking: /home/ubuntu/ros2_ws/install/turtlebot4_description/share/ament_index/resource_index/packages/turtlebot4_description
[8.939s] -- Symlinking: /home/ubuntu/ros2_ws/install/turtlebot4_description/share/turtlebot4_description/cmake/turtlebot4_descriptionConfig.cmake
[8.992s] -- Symlinking: /home/ubuntu/ros2_ws/install/turtlebot4_description/share/turtlebot4_description/cmake/turtlebot4_descriptionConfig-version.cmake
[9.037s] -- Symlinking: /home/ubuntu/ros2_ws/install/turtlebot4_description/share/turtlebot4_description/package.xml
[9.090s] Invoked command in '/home/ubuntu/ros2_ws/build/turtlebot4_description' returned '0': CMAKE_PREFIX_PATH=${CMAKE_PREFIX_PATH}:/opt/ros/humble /usr/bin/cmake --install /home/ubuntu/ros2_ws/build/turtlebot4_description
