[0.226s] Invoking command in '/home/ubuntu/ros2_ws/build/nav2_straightline_planner': CMAKE_PREFIX_PATH=${CMAKE_PREFIX_PATH}:/opt/ros/humble /usr/bin/cmake /home/ubuntu/ros2_ws/src/nav2_straightline_planner -DAMENT_CMAKE_SYMLINK_INSTALL=1 -DCMAKE_INSTALL_PREFIX=/home/ubuntu/ros2_ws/install/nav2_straightline_planner
[1.386s] -- The C compiler identification is GNU 11.3.0
[1.967s] -- The CXX compiler identification is GNU 11.3.0
[2.069s] -- Detecting C compiler ABI info
[3.065s] -- Detecting C compiler ABI info - done
[3.192s] -- Check for working C compiler: /usr/bin/cc - skipped
[3.199s] -- Detecting C compile features
[3.206s] -- Detecting C compile features - done
[3.247s] -- Detecting CXX compiler ABI info
[4.355s] -- Detecting CXX compiler ABI info - done
[4.493s] -- Check for working CXX compiler: /usr/bin/c++ - skipped
[4.502s] -- Detecting CXX compile features
[4.505s] -- Detecting CXX compile features - done
[4.611s] -- Found ament_cmake: 1.3.5 (/opt/ros/humble/share/ament_cmake/cmake)
[7.999s] -- Found Python3: /usr/bin/python3.10 (found version "3.10.6") found components: Interpreter 
[9.045s] -- Override CMake install command with custom implementation using symlinks instead of copying resources
[10.267s] -- Found rclcpp: 16.0.5 (/opt/ros/humble/share/rclcpp/cmake)
[12.076s] -- Found rosidl_generator_c: 3.1.5 (/opt/ros/humble/share/rosidl_generator_c/cmake)
[12.302s] -- Found rosidl_adapter: 3.1.5 (/opt/ros/humble/share/rosidl_adapter/cmake)
[12.530s] -- Found rosidl_generator_cpp: 3.1.5 (/opt/ros/humble/share/rosidl_generator_cpp/cmake)
[12.789s] -- Using all available rosidl_typesupport_c: rosidl_typesupport_fastrtps_c;rosidl_typesupport_introspection_c
[13.394s] -- Using all available rosidl_typesupport_cpp: rosidl_typesupport_fastrtps_cpp;rosidl_typesupport_introspection_cpp
[15.405s] -- Found rmw_implementation_cmake: 6.1.1 (/opt/ros/humble/share/rmw_implementation_cmake/cmake)
[15.497s] -- Found rmw_cyclonedds_cpp: 1.3.4 (/opt/ros/humble/share/rmw_cyclonedds_cpp/cmake)
[16.319s] -- Using RMW implementation 'rmw_cyclonedds_cpp' as default
[16.774s] -- Looking for pthread.h
[18.094s] -- Looking for pthread.h - found
[18.096s] -- Performing Test CMAKE_HAVE_LIBC_PTHREAD
[18.971s] -- Performing Test CMAKE_HAVE_LIBC_PTHREAD - Success
[18.997s] -- Found Threads: TRUE  
[20.775s] -- Found rclcpp_action: 16.0.5 (/opt/ros/humble/share/rclcpp_action/cmake)
[22.149s] -- Found rclcpp_lifecycle: 16.0.5 (/opt/ros/humble/share/rclcpp_lifecycle/cmake)
[23.023s] -- Found visualization_msgs: 4.2.3 (/opt/ros/humble/share/visualization_msgs/cmake)
[25.664s] -- Found nav2_util: 1.1.8 (/opt/ros/humble/share/nav2_util/cmake)
[32.848s] -- Found eigen3_cmake_module: 0.1.1 (/opt/ros/humble/share/eigen3_cmake_module/cmake)
[32.856s] -- Found Eigen3: TRUE (found version "3.4.0") 
[32.857s] -- Ensuring Eigen3 include directory is part of orocos-kdl CMake target
[35.126s] -- Found nav2_costmap_2d: 1.1.8 (/opt/ros/humble/share/nav2_costmap_2d/cmake)
[47.733s] -- Found nav2_core: 1.1.8 (/opt/ros/humble/share/nav2_core/cmake)
[94.527s] -- Found ament_lint_auto: 0.12.7 (/opt/ros/humble/share/ament_lint_auto/cmake)
[96.008s] -- Added test 'copyright' to check source files copyright and LICENSE
[96.044s] -- Added test 'cppcheck' to perform static code analysis on C / C++ code
[96.046s] -- Configured cppcheck include dirs: /home/ubuntu/ros2_ws/src/nav2_straightline_planner/include
[96.047s] -- Configured cppcheck exclude dirs and/or files: 
[96.069s] -- Added test 'cpplint' to check C / C++ code against the Google style
[96.070s] -- Configured cpplint exclude dirs and/or files: 
[96.087s] -- Added test 'lint_cmake' to check CMake code style
[96.109s] -- Added test 'uncrustify' to check C / C++ code style
[96.110s] -- Configured uncrustify additional arguments: 
[96.132s] -- Added test 'xmllint' to check XML markup files
[96.284s] -- Configuring done
[97.222s] -- Generating done
[97.285s] -- Build files have been written to: /home/ubuntu/ros2_ws/build/nav2_straightline_planner
[97.411s] Invoked command in '/home/ubuntu/ros2_ws/build/nav2_straightline_planner' returned '0': CMAKE_PREFIX_PATH=${CMAKE_PREFIX_PATH}:/opt/ros/humble /usr/bin/cmake /home/ubuntu/ros2_ws/src/nav2_straightline_planner -DAMENT_CMAKE_SYMLINK_INSTALL=1 -DCMAKE_INSTALL_PREFIX=/home/ubuntu/ros2_ws/install/nav2_straightline_planner
[97.428s] Invoking command in '/home/ubuntu/ros2_ws/build/nav2_straightline_planner': CMAKE_PREFIX_PATH=${CMAKE_PREFIX_PATH}:/opt/ros/humble /usr/bin/cmake --build /home/ubuntu/ros2_ws/build/nav2_straightline_planner -- -j4 -l4
[97.918s] [ 50%] [32mBuilding CXX object CMakeFiles/nav2_straightline_planner_plugin.dir/src/straight_line_planner.cpp.o[0m
[144.414s] [100%] [32m[1mLinking CXX shared library libnav2_straightline_planner_plugin.so[0m
[148.468s] [100%] Built target nav2_straightline_planner_plugin
[148.540s] Invoked command in '/home/ubuntu/ros2_ws/build/nav2_straightline_planner' returned '0': CMAKE_PREFIX_PATH=${CMAKE_PREFIX_PATH}:/opt/ros/humble /usr/bin/cmake --build /home/ubuntu/ros2_ws/build/nav2_straightline_planner -- -j4 -l4
[148.850s] Invoking command in '/home/ubuntu/ros2_ws/build/nav2_straightline_planner': CMAKE_PREFIX_PATH=${CMAKE_PREFIX_PATH}:/opt/ros/humble /usr/bin/cmake --install /home/ubuntu/ros2_ws/build/nav2_straightline_planner
[148.891s] -- Install configuration: ""
[148.893s] -- Execute custom install script
[148.895s] -- Symlinking: /home/ubuntu/ros2_ws/install/nav2_straightline_planner/share/nav2_straightline_planner//global_planner_plugin.xml
[148.947s] -- Symlinking: /home/ubuntu/ros2_ws/install/nav2_straightline_planner/lib/libnav2_straightline_planner_plugin.so
[149.008s] -- Symlinking: /home/ubuntu/ros2_ws/install/nav2_straightline_planner/include//nav2_straightline_planner/straight_line_planner.hpp
[149.060s] -- Up-to-date symlink: /home/ubuntu/ros2_ws/install/nav2_straightline_planner/share/nav2_straightline_planner/global_planner_plugin.xml
[149.093s] -- Symlinking: /home/ubuntu/ros2_ws/install/nav2_straightline_planner/share/nav2_straightline_planner/environment/library_path.sh
[149.188s] -- Symlinking: /home/ubuntu/ros2_ws/install/nav2_straightline_planner/share/nav2_straightline_planner/environment/library_path.dsv
[149.249s] -- Symlinking: /home/ubuntu/ros2_ws/install/nav2_straightline_planner/share/ament_index/resource_index/package_run_dependencies/nav2_straightline_planner
[149.352s] -- Symlinking: /home/ubuntu/ros2_ws/install/nav2_straightline_planner/share/ament_index/resource_index/parent_prefix_path/nav2_straightline_planner
[149.490s] -- Symlinking: /home/ubuntu/ros2_ws/install/nav2_straightline_planner/share/nav2_straightline_planner/environment/ament_prefix_path.sh
[149.580s] -- Symlinking: /home/ubuntu/ros2_ws/install/nav2_straightline_planner/share/nav2_straightline_planner/environment/ament_prefix_path.dsv
[149.638s] -- Symlinking: /home/ubuntu/ros2_ws/install/nav2_straightline_planner/share/nav2_straightline_planner/environment/path.sh
[149.736s] -- Symlinking: /home/ubuntu/ros2_ws/install/nav2_straightline_planner/share/nav2_straightline_planner/environment/path.dsv
[149.866s] -- Symlinking: /home/ubuntu/ros2_ws/install/nav2_straightline_planner/share/nav2_straightline_planner/local_setup.bash
[149.997s] -- Symlinking: /home/ubuntu/ros2_ws/install/nav2_straightline_planner/share/nav2_straightline_planner/local_setup.sh
[150.054s] -- Symlinking: /home/ubuntu/ros2_ws/install/nav2_straightline_planner/share/nav2_straightline_planner/local_setup.zsh
[150.132s] -- Symlinking: /home/ubuntu/ros2_ws/install/nav2_straightline_planner/share/nav2_straightline_planner/local_setup.dsv
[150.206s] -- Symlinking: /home/ubuntu/ros2_ws/install/nav2_straightline_planner/share/nav2_straightline_planner/package.dsv
[150.278s] -- Symlinking: /home/ubuntu/ros2_ws/install/nav2_straightline_planner/share/ament_index/resource_index/packages/nav2_straightline_planner
[150.347s] -- Symlinking: /home/ubuntu/ros2_ws/install/nav2_straightline_planner/share/ament_index/resource_index/nav2_core__pluginlib__plugin/nav2_straightline_planner
[150.437s] -- Symlinking: /home/ubuntu/ros2_ws/install/nav2_straightline_planner/share/nav2_straightline_planner/cmake/ament_cmake_export_include_directories-extras.cmake
[150.508s] -- Symlinking: /home/ubuntu/ros2_ws/install/nav2_straightline_planner/share/nav2_straightline_planner/cmake/ament_cmake_export_libraries-extras.cmake
[150.571s] -- Symlinking: /home/ubuntu/ros2_ws/install/nav2_straightline_planner/share/nav2_straightline_planner/cmake/ament_cmake_export_dependencies-extras.cmake
[150.630s] -- Symlinking: /home/ubuntu/ros2_ws/install/nav2_straightline_planner/share/nav2_straightline_planner/cmake/nav2_straightline_plannerConfig.cmake
[150.684s] -- Symlinking: /home/ubuntu/ros2_ws/install/nav2_straightline_planner/share/nav2_straightline_planner/cmake/nav2_straightline_plannerConfig-version.cmake
[150.729s] -- Symlinking: /home/ubuntu/ros2_ws/install/nav2_straightline_planner/share/nav2_straightline_planner/package.xml
[150.908s] Invoked command in '/home/ubuntu/ros2_ws/build/nav2_straightline_planner' returned '0': CMAKE_PREFIX_PATH=${CMAKE_PREFIX_PATH}:/opt/ros/humble /usr/bin/cmake --install /home/ubuntu/ros2_ws/build/nav2_straightline_planner
