[0.206s] Invoking command in '/home/ubuntu/ros2_ws/build/localization_server': CMAKE_PREFIX_PATH=${CMAKE_PREFIX_PATH}:/opt/ros/humble /usr/bin/cmake /home/ubuntu/ros2_ws/src/spl_packages/localization_server -DAMENT_CMAKE_SYMLINK_INSTALL=1 -DCMAKE_INSTALL_PREFIX=/home/ubuntu/ros2_ws/install/localization_server
[1.101s] -- The C compiler identification is GNU 11.3.0
[2.105s] -- The CXX compiler identification is GNU 11.3.0
[2.223s] -- Detecting C compiler ABI info
[3.511s] -- Detecting C compiler ABI info - done
[3.599s] -- Check for working C compiler: /usr/bin/cc - skipped
[3.602s] -- Detecting C compile features
[3.603s] -- Detecting C compile features - done
[3.628s] -- Detecting CXX compiler ABI info
[4.719s] -- Detecting CXX compiler ABI info - done
[4.784s] -- Check for working CXX compiler: /usr/bin/c++ - skipped
[4.789s] -- Detecting CXX compile features
[4.801s] -- Detecting CXX compile features - done
[4.869s] -- Found ament_cmake: 1.3.5 (/opt/ros/humble/share/ament_cmake/cmake)
[8.098s] -- Found Python3: /usr/bin/python3.10 (found version "3.10.6") found components: Interpreter 
[9.216s] -- Override CMake install command with custom implementation using symlinks instead of copying resources
[10.433s] -- Found rclcpp: 16.0.5 (/opt/ros/humble/share/rclcpp/cmake)
[11.297s] -- Found rosidl_generator_c: 3.1.5 (/opt/ros/humble/share/rosidl_generator_c/cmake)
[11.490s] -- Found rosidl_adapter: 3.1.5 (/opt/ros/humble/share/rosidl_adapter/cmake)
[11.715s] -- Found rosidl_generator_cpp: 3.1.5 (/opt/ros/humble/share/rosidl_generator_cpp/cmake)
[12.082s] -- Using all available rosidl_typesupport_c: rosidl_typesupport_fastrtps_c;rosidl_typesupport_introspection_c
[12.435s] -- Using all available rosidl_typesupport_cpp: rosidl_typesupport_fastrtps_cpp;rosidl_typesupport_introspection_cpp
[13.848s] -- Found rmw_implementation_cmake: 6.1.1 (/opt/ros/humble/share/rmw_implementation_cmake/cmake)
[13.943s] -- Found rmw_cyclonedds_cpp: 1.3.4 (/opt/ros/humble/share/rmw_cyclonedds_cpp/cmake)
[14.606s] -- Using RMW implementation 'rmw_cyclonedds_cpp' as default
[15.031s] -- Looking for pthread.h
[16.069s] -- Looking for pthread.h - found
[16.071s] -- Performing Test CMAKE_HAVE_LIBC_PTHREAD
[17.107s] -- Performing Test CMAKE_HAVE_LIBC_PTHREAD - Success
[17.113s] -- Found Threads: TRUE  
[19.987s] -- Found geometry_msgs: 4.2.3 (/opt/ros/humble/share/geometry_msgs/cmake)
[20.774s] -- Found ament_lint_auto: 0.12.7 (/opt/ros/humble/share/ament_lint_auto/cmake)
[23.073s] -- Added test 'copyright' to check source files copyright and LICENSE
[23.123s] -- Added test 'cppcheck' to perform static code analysis on C / C++ code
[23.124s] -- Configured cppcheck include dirs: 
[23.132s] -- Configured cppcheck exclude dirs and/or files: 
[23.184s] -- Added test 'cpplint' to check C / C++ code against the Google style
[23.185s] -- Configured cpplint exclude dirs and/or files: 
[23.199s] -- Added test 'flake8' to check Python code syntax and style conventions
[23.231s] -- Added test 'lint_cmake' to check CMake code style
[23.237s] -- Added test 'pep257' to check Python code against some of the docstring style conventions in PEP 257
[23.297s] -- Added test 'uncrustify' to check C / C++ code style
[23.299s] -- Configured uncrustify additional arguments: 
[23.304s] -- Added test 'xmllint' to check XML markup files
[23.373s] -- Configuring done
[23.678s] -- Generating done
[23.731s] -- Build files have been written to: /home/ubuntu/ros2_ws/build/localization_server
[23.855s] Invoked command in '/home/ubuntu/ros2_ws/build/localization_server' returned '0': CMAKE_PREFIX_PATH=${CMAKE_PREFIX_PATH}:/opt/ros/humble /usr/bin/cmake /home/ubuntu/ros2_ws/src/spl_packages/localization_server -DAMENT_CMAKE_SYMLINK_INSTALL=1 -DCMAKE_INSTALL_PREFIX=/home/ubuntu/ros2_ws/install/localization_server
[23.858s] Invoking command in '/home/ubuntu/ros2_ws/build/localization_server': CMAKE_PREFIX_PATH=${CMAKE_PREFIX_PATH}:/opt/ros/humble /usr/bin/cmake --build /home/ubuntu/ros2_ws/build/localization_server -- -j4 -l4
[24.728s] [ 50%] [32mBuilding CXX object CMakeFiles/initial_pose_node.dir/src/initial_pose_pub.cpp.o[0m
[130.724s] [100%] [32m[1mLinking CXX executable initial_pose_node[0m
[135.481s] [100%] Built target initial_pose_node
[135.632s] Invoked command in '/home/ubuntu/ros2_ws/build/localization_server' returned '0': CMAKE_PREFIX_PATH=${CMAKE_PREFIX_PATH}:/opt/ros/humble /usr/bin/cmake --build /home/ubuntu/ros2_ws/build/localization_server -- -j4 -l4
[136.237s] Invoking command in '/home/ubuntu/ros2_ws/build/localization_server': CMAKE_PREFIX_PATH=${CMAKE_PREFIX_PATH}:/opt/ros/humble /usr/bin/cmake --install /home/ubuntu/ros2_ws/build/localization_server
[136.344s] -- Install configuration: ""
[136.348s] -- Execute custom install script
[136.353s] -- Symlinking: /home/ubuntu/ros2_ws/install/localization_server/lib/localization_server/initial_pose_node
[136.487s] -- Symlinking: /home/ubuntu/ros2_ws/install/localization_server/share/localization_server/config/amcl_config.yaml
[136.603s] -- Symlinking: /home/ubuntu/ros2_ws/install/localization_server/share/localization_server/launch/init_robot.launch.py
[136.682s] -- Symlinking: /home/ubuntu/ros2_ws/install/localization_server/share/localization_server/launch/localization.launch.py
[136.788s] -- Symlinking: /home/ubuntu/ros2_ws/install/localization_server/share/localization_server/maps/box.pgm
[136.920s] -- Symlinking: /home/ubuntu/ros2_ws/install/localization_server/share/localization_server/maps/box.yaml
[137.028s] -- Symlinking: /home/ubuntu/ros2_ws/install/localization_server/share/localization_server/maps/small.pgm
[137.089s] -- Symlinking: /home/ubuntu/ros2_ws/install/localization_server/share/localization_server/maps/small.yaml
[137.171s] -- Symlinking: /home/ubuntu/ros2_ws/install/localization_server/share/localization_server/maps/woodside.pgm
[137.286s] -- Symlinking: /home/ubuntu/ros2_ws/install/localization_server/share/localization_server/maps/woodside.yaml
[137.360s] -- Symlinking: /home/ubuntu/ros2_ws/install/localization_server/share/ament_index/resource_index/package_run_dependencies/localization_server
[137.446s] -- Symlinking: /home/ubuntu/ros2_ws/install/localization_server/share/ament_index/resource_index/parent_prefix_path/localization_server
[137.533s] -- Symlinking: /home/ubuntu/ros2_ws/install/localization_server/share/localization_server/environment/ament_prefix_path.sh
[137.594s] -- Symlinking: /home/ubuntu/ros2_ws/install/localization_server/share/localization_server/environment/ament_prefix_path.dsv
[137.646s] -- Symlinking: /home/ubuntu/ros2_ws/install/localization_server/share/localization_server/environment/path.sh
[137.730s] -- Symlinking: /home/ubuntu/ros2_ws/install/localization_server/share/localization_server/environment/path.dsv
[137.895s] -- Symlinking: /home/ubuntu/ros2_ws/install/localization_server/share/localization_server/local_setup.bash
[137.986s] -- Symlinking: /home/ubuntu/ros2_ws/install/localization_server/share/localization_server/local_setup.sh
[138.080s] -- Symlinking: /home/ubuntu/ros2_ws/install/localization_server/share/localization_server/local_setup.zsh
[138.130s] -- Symlinking: /home/ubuntu/ros2_ws/install/localization_server/share/localization_server/local_setup.dsv
[138.209s] -- Symlinking: /home/ubuntu/ros2_ws/install/localization_server/share/localization_server/package.dsv
[138.274s] -- Symlinking: /home/ubuntu/ros2_ws/install/localization_server/share/ament_index/resource_index/packages/localization_server
[138.374s] -- Symlinking: /home/ubuntu/ros2_ws/install/localization_server/share/localization_server/cmake/localization_serverConfig.cmake
[138.439s] -- Symlinking: /home/ubuntu/ros2_ws/install/localization_server/share/localization_server/cmake/localization_serverConfig-version.cmake
[138.558s] -- Symlinking: /home/ubuntu/ros2_ws/install/localization_server/share/localization_server/package.xml
[138.683s] Invoked command in '/home/ubuntu/ros2_ws/build/localization_server' returned '0': CMAKE_PREFIX_PATH=${CMAKE_PREFIX_PATH}:/opt/ros/humble /usr/bin/cmake --install /home/ubuntu/ros2_ws/build/localization_server
