[0.123s] Invoking command in '/home/ubuntu/ros2_ws/build/cartographer_slam': CMAKE_PREFIX_PATH=${CMAKE_PREFIX_PATH}:/opt/ros/humble /usr/bin/cmake /home/ubuntu/ros2_ws/src/cartographer_slam -DAMENT_CMAKE_SYMLINK_INSTALL=1 -DCMAKE_INSTALL_PREFIX=/home/ubuntu/ros2_ws/install/cartographer_slam
[0.197s] -- Found ament_cmake: 1.3.5 (/opt/ros/humble/share/ament_cmake/cmake)
[1.371s] -- Override CMake install command with custom implementation using symlinks instead of copying resources
[1.453s] -- Found ament_lint_auto: 0.12.7 (/opt/ros/humble/share/ament_lint_auto/cmake)
[2.046s] -- Added test 'copyright' to check source files copyright and LICENSE
[2.062s] -- Added test 'flake8' to check Python code syntax and style conventions
[2.068s] -- Added test 'lint_cmake' to check CMake code style
[2.073s] -- Added test 'pep257' to check Python code against some of the docstring style conventions in PEP 257
[2.085s] -- Added test 'xmllint' to check XML markup files
[2.112s] -- Configuring done
[2.167s] -- Generating done
[2.179s] -- Build files have been written to: /home/ubuntu/ros2_ws/build/cartographer_slam
[2.205s] Invoked command in '/home/ubuntu/ros2_ws/build/cartographer_slam' returned '0': CMAKE_PREFIX_PATH=${CMAKE_PREFIX_PATH}:/opt/ros/humble /usr/bin/cmake /home/ubuntu/ros2_ws/src/cartographer_slam -DAMENT_CMAKE_SYMLINK_INSTALL=1 -DCMAKE_INSTALL_PREFIX=/home/ubuntu/ros2_ws/install/cartographer_slam
[2.209s] Invoking command in '/home/ubuntu/ros2_ws/build/cartographer_slam': CMAKE_PREFIX_PATH=${CMAKE_PREFIX_PATH}:/opt/ros/humble /usr/bin/cmake --build /home/ubuntu/ros2_ws/build/cartographer_slam -- -j4 -l4
[2.568s] Invoked command in '/home/ubuntu/ros2_ws/build/cartographer_slam' returned '0': CMAKE_PREFIX_PATH=${CMAKE_PREFIX_PATH}:/opt/ros/humble /usr/bin/cmake --build /home/ubuntu/ros2_ws/build/cartographer_slam -- -j4 -l4
[2.792s] Invoking command in '/home/ubuntu/ros2_ws/build/cartographer_slam': CMAKE_PREFIX_PATH=${CMAKE_PREFIX_PATH}:/opt/ros/humble /usr/bin/cmake --install /home/ubuntu/ros2_ws/build/cartographer_slam
[2.845s] -- Install configuration: ""
[2.849s] -- Execute custom install script
[2.853s] -- Symlinking: /home/ubuntu/ros2_ws/install/cartographer_slam/share/cartographer_slam/config/cartographer.lua
[2.930s] -- Symlinking: /home/ubuntu/ros2_ws/install/cartographer_slam/share/cartographer_slam/launch/cartographer.launch.py
[3.042s] -- Symlinking: /home/ubuntu/ros2_ws/install/cartographer_slam/share/ament_index/resource_index/package_run_dependencies/cartographer_slam
[3.129s] -- Symlinking: /home/ubuntu/ros2_ws/install/cartographer_slam/share/ament_index/resource_index/parent_prefix_path/cartographer_slam
[3.205s] -- Symlinking: /home/ubuntu/ros2_ws/install/cartographer_slam/share/cartographer_slam/environment/ament_prefix_path.sh
[3.308s] -- Symlinking: /home/ubuntu/ros2_ws/install/cartographer_slam/share/cartographer_slam/environment/ament_prefix_path.dsv
[3.368s] -- Symlinking: /home/ubuntu/ros2_ws/install/cartographer_slam/share/cartographer_slam/environment/path.sh
[3.428s] -- Symlinking: /home/ubuntu/ros2_ws/install/cartographer_slam/share/cartographer_slam/environment/path.dsv
[3.473s] -- Symlinking: /home/ubuntu/ros2_ws/install/cartographer_slam/share/cartographer_slam/local_setup.bash
[3.518s] -- Symlinking: /home/ubuntu/ros2_ws/install/cartographer_slam/share/cartographer_slam/local_setup.sh
[3.594s] -- Symlinking: /home/ubuntu/ros2_ws/install/cartographer_slam/share/cartographer_slam/local_setup.zsh
[3.686s] -- Symlinking: /home/ubuntu/ros2_ws/install/cartographer_slam/share/cartographer_slam/local_setup.dsv
[3.777s] -- Symlinking: /home/ubuntu/ros2_ws/install/cartographer_slam/share/cartographer_slam/package.dsv
[3.858s] -- Symlinking: /home/ubuntu/ros2_ws/install/cartographer_slam/share/ament_index/resource_index/packages/cartographer_slam
[3.946s] -- Symlinking: /home/ubuntu/ros2_ws/install/cartographer_slam/share/cartographer_slam/cmake/cartographer_slamConfig.cmake
[4.033s] -- Symlinking: /home/ubuntu/ros2_ws/install/cartographer_slam/share/cartographer_slam/cmake/cartographer_slamConfig-version.cmake
[4.103s] -- Symlinking: /home/ubuntu/ros2_ws/install/cartographer_slam/share/cartographer_slam/package.xml
[4.189s] Invoked command in '/home/ubuntu/ros2_ws/build/cartographer_slam' returned '0': CMAKE_PREFIX_PATH=${CMAKE_PREFIX_PATH}:/opt/ros/humble /usr/bin/cmake --install /home/ubuntu/ros2_ws/build/cartographer_slam
