[0.093s] Invoking command in '/home/ubuntu/ros2_ws/build/turtlebot4_node': CMAKE_PREFIX_PATH=/home/ubuntu/ros2_ws/install/turtlebot4_msgs:/home/ubuntu/ros2_ws/install/irobot_create_msgs:/home/ubuntu/ros2_ws/install/turtlebot4_desktop:/home/ubuntu/ros2_ws/install/turtlebot4_viz:/home/ubuntu/ros2_ws/install/turtlebot4_node:/home/ubuntu/ros2_ws/install/turtlebot4_navigation:/home/ubuntu/ros2_ws/install/turtlebot4_description:/home/ubuntu/ros2_ws/install/spl_bringup:/home/ubuntu/ros2_ws/install/rviz2_server:/home/ubuntu/ros2_ws/install/path_planner_server:/home/ubuntu/ros2_ws/install/nav2_straightline_planner:/home/ubuntu/ros2_ws/install/localization_server:/home/ubuntu/ros2_ws/install/execution_policy_server:/home/ubuntu/ros2_ws/install/commander_server:/home/ubuntu/ros2_ws/install/cartographer_slam:/opt/ros/humble LD_LIBRARY_PATH=/home/ubuntu/ros2_ws/install/turtlebot4_msgs/lib:/home/ubuntu/ros2_ws/install/irobot_create_msgs/lib:/home/ubuntu/ros2_ws/install/nav2_straightline_planner/lib:/opt/ros/humble/opt/rviz_ogre_vendor/lib:/opt/ros/humble/lib/aarch64-linux-gnu:/opt/ros/humble/lib /usr/bin/cmake /home/ubuntu/ros2_ws/src/turtlebot4/turtlebot4_node -DAMENT_CMAKE_SYMLINK_INSTALL=1 -DCMAKE_INSTALL_PREFIX=/home/ubuntu/ros2_ws/install/turtlebot4_node
[0.392s] -- The C compiler identification is GNU 11.3.0
[0.678s] -- The CXX compiler identification is GNU 11.3.0
[0.711s] -- Detecting C compiler ABI info
[1.082s] -- Detecting C compiler ABI info - done
[1.110s] -- Check for working C compiler: /usr/bin/cc - skipped
[1.111s] -- Detecting C compile features
[1.113s] -- Detecting C compile features - done
[1.125s] -- Detecting CXX compiler ABI info
[1.542s] -- Detecting CXX compiler ABI info - done
[1.574s] -- Check for working CXX compiler: /usr/bin/c++ - skipped
[1.575s] -- Detecting CXX compile features
[1.577s] -- Detecting CXX compile features - done
[1.619s] -- Found ament_cmake: 1.3.5 (/opt/ros/humble/share/ament_cmake/cmake)
[2.750s] -- Found Python3: /usr/bin/python3.10 (found version "3.10.6") found components: Interpreter 
[3.113s] -- Override CMake install command with custom implementation using symlinks instead of copying resources
[3.644s] -- Found rclcpp: 16.0.5 (/opt/ros/humble/share/rclcpp/cmake)
[4.185s] -- Found rosidl_generator_c: 3.1.5 (/opt/ros/humble/share/rosidl_generator_c/cmake)
[4.264s] -- Found rosidl_adapter: 3.1.5 (/opt/ros/humble/share/rosidl_adapter/cmake)
[4.359s] -- Found rosidl_generator_cpp: 3.1.5 (/opt/ros/humble/share/rosidl_generator_cpp/cmake)
[4.478s] -- Using all available rosidl_typesupport_c: rosidl_typesupport_fastrtps_c;rosidl_typesupport_introspection_c
[4.656s] -- Using all available rosidl_typesupport_cpp: rosidl_typesupport_fastrtps_cpp;rosidl_typesupport_introspection_cpp
[5.228s] -- Found rmw_implementation_cmake: 6.1.1 (/opt/ros/humble/share/rmw_implementation_cmake/cmake)
[5.271s] -- Found rmw_cyclonedds_cpp: 1.3.4 (/opt/ros/humble/share/rmw_cyclonedds_cpp/cmake)
[5.528s] -- Using RMW implementation 'rmw_cyclonedds_cpp' as default
[5.662s] -- Looking for pthread.h
[6.101s] -- Looking for pthread.h - found
[6.104s] -- Performing Test CMAKE_HAVE_LIBC_PTHREAD
[6.489s] -- Performing Test CMAKE_HAVE_LIBC_PTHREAD - Success
[6.493s] -- Found Threads: TRUE  
[7.276s] -- Found rclcpp_action: 16.0.5 (/opt/ros/humble/share/rclcpp_action/cmake)
[7.775s] -- Found std_srvs: 4.2.3 (/opt/ros/humble/share/std_srvs/cmake)
[7.880s] -- Found sensor_msgs: 4.2.3 (/opt/ros/humble/share/sensor_msgs/cmake)
[8.405s] -- Found irobot_create_msgs: 2.1.0 (/home/ubuntu/ros2_ws/install/irobot_create_msgs/share/irobot_create_msgs/cmake)
[8.893s] -- Found turtlebot4_msgs: 1.0.3 (/home/ubuntu/ros2_ws/install/turtlebot4_msgs/share/turtlebot4_msgs/cmake)
[9.024s] -- Found ament_lint_auto: 0.12.7 (/opt/ros/humble/share/ament_lint_auto/cmake)
[9.726s] -- Added test 'cppcheck' to perform static code analysis on C / C++ code
[9.727s] -- Configured cppcheck include dirs: /home/ubuntu/ros2_ws/src/turtlebot4/turtlebot4_node/include
[9.728s] -- Configured cppcheck exclude dirs and/or files: 
[9.741s] -- Added test 'cpplint' to check C / C++ code against the Google style
[9.743s] -- Configured cpplint exclude dirs and/or files: 
[9.750s] -- Added test 'lint_cmake' to check CMake code style
[9.766s] -- Added test 'uncrustify' to check C / C++ code style
[9.767s] -- Configured uncrustify additional arguments: 
[9.772s] -- Added test 'xmllint' to check XML markup files
[9.801s] -- Configuring done
[9.901s] -- Generating done
[9.910s] -- Build files have been written to: /home/ubuntu/ros2_ws/build/turtlebot4_node
[9.956s] Invoked command in '/home/ubuntu/ros2_ws/build/turtlebot4_node' returned '0': CMAKE_PREFIX_PATH=/home/ubuntu/ros2_ws/install/turtlebot4_msgs:/home/ubuntu/ros2_ws/install/irobot_create_msgs:/home/ubuntu/ros2_ws/install/turtlebot4_desktop:/home/ubuntu/ros2_ws/install/turtlebot4_viz:/home/ubuntu/ros2_ws/install/turtlebot4_node:/home/ubuntu/ros2_ws/install/turtlebot4_navigation:/home/ubuntu/ros2_ws/install/turtlebot4_description:/home/ubuntu/ros2_ws/install/spl_bringup:/home/ubuntu/ros2_ws/install/rviz2_server:/home/ubuntu/ros2_ws/install/path_planner_server:/home/ubuntu/ros2_ws/install/nav2_straightline_planner:/home/ubuntu/ros2_ws/install/localization_server:/home/ubuntu/ros2_ws/install/execution_policy_server:/home/ubuntu/ros2_ws/install/commander_server:/home/ubuntu/ros2_ws/install/cartographer_slam:/opt/ros/humble LD_LIBRARY_PATH=/home/ubuntu/ros2_ws/install/turtlebot4_msgs/lib:/home/ubuntu/ros2_ws/install/irobot_create_msgs/lib:/home/ubuntu/ros2_ws/install/nav2_straightline_planner/lib:/opt/ros/humble/opt/rviz_ogre_vendor/lib:/opt/ros/humble/lib/aarch64-linux-gnu:/opt/ros/humble/lib /usr/bin/cmake /home/ubuntu/ros2_ws/src/turtlebot4/turtlebot4_node -DAMENT_CMAKE_SYMLINK_INSTALL=1 -DCMAKE_INSTALL_PREFIX=/home/ubuntu/ros2_ws/install/turtlebot4_node
[9.966s] Invoking command in '/home/ubuntu/ros2_ws/build/turtlebot4_node': CMAKE_PREFIX_PATH=/home/ubuntu/ros2_ws/install/turtlebot4_msgs:/home/ubuntu/ros2_ws/install/irobot_create_msgs:/home/ubuntu/ros2_ws/install/turtlebot4_desktop:/home/ubuntu/ros2_ws/install/turtlebot4_viz:/home/ubuntu/ros2_ws/install/turtlebot4_node:/home/ubuntu/ros2_ws/install/turtlebot4_navigation:/home/ubuntu/ros2_ws/install/turtlebot4_description:/home/ubuntu/ros2_ws/install/spl_bringup:/home/ubuntu/ros2_ws/install/rviz2_server:/home/ubuntu/ros2_ws/install/path_planner_server:/home/ubuntu/ros2_ws/install/nav2_straightline_planner:/home/ubuntu/ros2_ws/install/localization_server:/home/ubuntu/ros2_ws/install/execution_policy_server:/home/ubuntu/ros2_ws/install/commander_server:/home/ubuntu/ros2_ws/install/cartographer_slam:/opt/ros/humble LD_LIBRARY_PATH=/home/ubuntu/ros2_ws/install/turtlebot4_msgs/lib:/home/ubuntu/ros2_ws/install/irobot_create_msgs/lib:/home/ubuntu/ros2_ws/install/nav2_straightline_planner/lib:/opt/ros/humble/opt/rviz_ogre_vendor/lib:/opt/ros/humble/lib/aarch64-linux-gnu:/opt/ros/humble/lib /usr/bin/cmake --build /home/ubuntu/ros2_ws/build/turtlebot4_node -- -j4 -l4
[10.208s] [ 12%] [32mBuilding CXX object CMakeFiles/turtlebot4_node_lib.dir/src/main.cpp.o[0m
[10.230s] [ 25%] [32mBuilding CXX object CMakeFiles/turtlebot4_node_lib.dir/src/turtlebot4.cpp.o[0m
[10.238s] [ 37%] [32mBuilding CXX object CMakeFiles/turtlebot4_node_lib.dir/src/buttons.cpp.o[0m
[10.243s] [ 50%] [32mBuilding CXX object CMakeFiles/turtlebot4_node_lib.dir/src/display.cpp.o[0m
