-- The C compiler identification is GNU 11.3.0
-- The CXX compiler identification is GNU 11.3.0
-- Detecting C compiler ABI info
-- Detecting C compiler ABI info - done
-- Check for working C compiler: /usr/bin/cc - skipped
-- Detecting C compile features
-- Detecting C compile features - done
-- Detecting CXX compiler ABI info
-- Detecting CXX compiler ABI info - done
-- Check for working CXX compiler: /usr/bin/c++ - skipped
-- Detecting CXX compile features
-- Detecting CXX compile features - done
-- Found ament_cmake: 1.3.5 (/opt/ros/humble/share/ament_cmake/cmake)
-- Found Python3: /usr/bin/python3.10 (found version "3.10.6") found components: Interpreter 
-- Override CMake install command with custom implementation using symlinks instead of copying resources
-- Configuring done
-- Generating done
-- Build files have been written to: /home/ubuntu/ros2_ws/build/turtlebot4_desktop
-- Install configuration: ""
-- Execute custom install script
-- Symlinking: /home/ubuntu/ros2_ws/install/turtlebot4_desktop/share/ament_index/resource_index/package_run_dependencies/turtlebot4_desktop
-- Symlinking: /home/ubuntu/ros2_ws/install/turtlebot4_desktop/share/ament_index/resource_index/parent_prefix_path/turtlebot4_desktop
-- Symlinking: /home/ubuntu/ros2_ws/install/turtlebot4_desktop/share/turtlebot4_desktop/environment/ament_prefix_path.sh
-- Symlinking: /home/ubuntu/ros2_ws/install/turtlebot4_desktop/share/turtlebot4_desktop/environment/ament_prefix_path.dsv
-- Symlinking: /home/ubuntu/ros2_ws/install/turtlebot4_desktop/share/turtlebot4_desktop/environment/path.sh
-- Symlinking: /home/ubuntu/ros2_ws/install/turtlebot4_desktop/share/turtlebot4_desktop/environment/path.dsv
-- Symlinking: /home/ubuntu/ros2_ws/install/turtlebot4_desktop/share/turtlebot4_desktop/local_setup.bash
-- Symlinking: /home/ubuntu/ros2_ws/install/turtlebot4_desktop/share/turtlebot4_desktop/local_setup.sh
-- Symlinking: /home/ubuntu/ros2_ws/install/turtlebot4_desktop/share/turtlebot4_desktop/local_setup.zsh
-- Symlinking: /home/ubuntu/ros2_ws/install/turtlebot4_desktop/share/turtlebot4_desktop/local_setup.dsv
-- Symlinking: /home/ubuntu/ros2_ws/install/turtlebot4_desktop/share/turtlebot4_desktop/package.dsv
-- Symlinking: /home/ubuntu/ros2_ws/install/turtlebot4_desktop/share/ament_index/resource_index/packages/turtlebot4_desktop
-- Symlinking: /home/ubuntu/ros2_ws/install/turtlebot4_desktop/share/turtlebot4_desktop/cmake/turtlebot4_desktopConfig.cmake
-- Symlinking: /home/ubuntu/ros2_ws/install/turtlebot4_desktop/share/turtlebot4_desktop/cmake/turtlebot4_desktopConfig-version.cmake
-- Symlinking: /home/ubuntu/ros2_ws/install/turtlebot4_desktop/share/turtlebot4_desktop/package.xml
