[0.169s] Invoking command in '/home/ubuntu/ros2_ws/build/turtlebot4_desktop': CMAKE_PREFIX_PATH=/home/ubuntu/ros2_ws/install/turtlebot4_viz:/home/ubuntu/ros2_ws/install/turtlebot4_description:/home/ubuntu/ros2_ws/install/turtlebot4_desktop:/home/ubuntu/ros2_ws/install/turtlebot4_node:/home/ubuntu/ros2_ws/install/turtlebot4_navigation:/home/ubuntu/ros2_ws/install/turtlebot4_msgs:/home/ubuntu/ros2_ws/install/spl_bringup:/home/ubuntu/ros2_ws/install/rviz2_server:/home/ubuntu/ros2_ws/install/path_planner_server:/home/ubuntu/ros2_ws/install/nav2_straightline_planner:/home/ubuntu/ros2_ws/install/localization_server:/home/ubuntu/ros2_ws/install/execution_policy_server:/home/ubuntu/ros2_ws/install/irobot_create_msgs:/home/ubuntu/ros2_ws/install/commander_server:/home/ubuntu/ros2_ws/install/cartographer_slam:/opt/ros/humble /usr/bin/cmake /home/ubuntu/ros2_ws/src/turtlebot4_desktop/turtlebot4_desktop -DAMENT_CMAKE_SYMLINK_INSTALL=1 -DCMAKE_INSTALL_PREFIX=/home/ubuntu/ros2_ws/install/turtlebot4_desktop
[0.978s] -- The C compiler identification is GNU 11.3.0
[1.521s] -- The CXX compiler identification is GNU 11.3.0
[1.607s] -- Detecting C compiler ABI info
[2.424s] -- Detecting C compiler ABI info - done
[2.488s] -- Check for working C compiler: /usr/bin/cc - skipped
[2.491s] -- Detecting C compile features
[2.492s] -- Detecting C compile features - done
[2.543s] -- Detecting CXX compiler ABI info
[3.483s] -- Detecting CXX compiler ABI info - done
[3.560s] -- Check for working CXX compiler: /usr/bin/c++ - skipped
[3.562s] -- Detecting CXX compile features
[3.567s] -- Detecting CXX compile features - done
[3.612s] -- Found ament_cmake: 1.3.5 (/opt/ros/humble/share/ament_cmake/cmake)
[5.589s] -- Found Python3: /usr/bin/python3.10 (found version "3.10.6") found components: Interpreter 
[6.322s] -- Override CMake install command with custom implementation using symlinks instead of copying resources
[8.105s] -- Configuring done
[8.197s] -- Generating done
[8.240s] -- Build files have been written to: /home/ubuntu/ros2_ws/build/turtlebot4_desktop
[8.300s] Invoked command in '/home/ubuntu/ros2_ws/build/turtlebot4_desktop' returned '0': CMAKE_PREFIX_PATH=/home/ubuntu/ros2_ws/install/turtlebot4_viz:/home/ubuntu/ros2_ws/install/turtlebot4_description:/home/ubuntu/ros2_ws/install/turtlebot4_desktop:/home/ubuntu/ros2_ws/install/turtlebot4_node:/home/ubuntu/ros2_ws/install/turtlebot4_navigation:/home/ubuntu/ros2_ws/install/turtlebot4_msgs:/home/ubuntu/ros2_ws/install/spl_bringup:/home/ubuntu/ros2_ws/install/rviz2_server:/home/ubuntu/ros2_ws/install/path_planner_server:/home/ubuntu/ros2_ws/install/nav2_straightline_planner:/home/ubuntu/ros2_ws/install/localization_server:/home/ubuntu/ros2_ws/install/execution_policy_server:/home/ubuntu/ros2_ws/install/irobot_create_msgs:/home/ubuntu/ros2_ws/install/commander_server:/home/ubuntu/ros2_ws/install/cartographer_slam:/opt/ros/humble /usr/bin/cmake /home/ubuntu/ros2_ws/src/turtlebot4_desktop/turtlebot4_desktop -DAMENT_CMAKE_SYMLINK_INSTALL=1 -DCMAKE_INSTALL_PREFIX=/home/ubuntu/ros2_ws/install/turtlebot4_desktop
[8.317s] Invoking command in '/home/ubuntu/ros2_ws/build/turtlebot4_desktop': CMAKE_PREFIX_PATH=/home/ubuntu/ros2_ws/install/turtlebot4_viz:/home/ubuntu/ros2_ws/install/turtlebot4_description:/home/ubuntu/ros2_ws/install/turtlebot4_desktop:/home/ubuntu/ros2_ws/install/turtlebot4_node:/home/ubuntu/ros2_ws/install/turtlebot4_navigation:/home/ubuntu/ros2_ws/install/turtlebot4_msgs:/home/ubuntu/ros2_ws/install/spl_bringup:/home/ubuntu/ros2_ws/install/rviz2_server:/home/ubuntu/ros2_ws/install/path_planner_server:/home/ubuntu/ros2_ws/install/nav2_straightline_planner:/home/ubuntu/ros2_ws/install/localization_server:/home/ubuntu/ros2_ws/install/execution_policy_server:/home/ubuntu/ros2_ws/install/irobot_create_msgs:/home/ubuntu/ros2_ws/install/commander_server:/home/ubuntu/ros2_ws/install/cartographer_slam:/opt/ros/humble /usr/bin/cmake --build /home/ubuntu/ros2_ws/build/turtlebot4_desktop -- -j4 -l4
[8.922s] Invoked command in '/home/ubuntu/ros2_ws/build/turtlebot4_desktop' returned '0': CMAKE_PREFIX_PATH=/home/ubuntu/ros2_ws/install/turtlebot4_viz:/home/ubuntu/ros2_ws/install/turtlebot4_description:/home/ubuntu/ros2_ws/install/turtlebot4_desktop:/home/ubuntu/ros2_ws/install/turtlebot4_node:/home/ubuntu/ros2_ws/install/turtlebot4_navigation:/home/ubuntu/ros2_ws/install/turtlebot4_msgs:/home/ubuntu/ros2_ws/install/spl_bringup:/home/ubuntu/ros2_ws/install/rviz2_server:/home/ubuntu/ros2_ws/install/path_planner_server:/home/ubuntu/ros2_ws/install/nav2_straightline_planner:/home/ubuntu/ros2_ws/install/localization_server:/home/ubuntu/ros2_ws/install/execution_policy_server:/home/ubuntu/ros2_ws/install/irobot_create_msgs:/home/ubuntu/ros2_ws/install/commander_server:/home/ubuntu/ros2_ws/install/cartographer_slam:/opt/ros/humble /usr/bin/cmake --build /home/ubuntu/ros2_ws/build/turtlebot4_desktop -- -j4 -l4
[9.469s] Invoking command in '/home/ubuntu/ros2_ws/build/turtlebot4_desktop': CMAKE_PREFIX_PATH=/home/ubuntu/ros2_ws/install/turtlebot4_viz:/home/ubuntu/ros2_ws/install/turtlebot4_description:/home/ubuntu/ros2_ws/install/turtlebot4_desktop:/home/ubuntu/ros2_ws/install/turtlebot4_node:/home/ubuntu/ros2_ws/install/turtlebot4_navigation:/home/ubuntu/ros2_ws/install/turtlebot4_msgs:/home/ubuntu/ros2_ws/install/spl_bringup:/home/ubuntu/ros2_ws/install/rviz2_server:/home/ubuntu/ros2_ws/install/path_planner_server:/home/ubuntu/ros2_ws/install/nav2_straightline_planner:/home/ubuntu/ros2_ws/install/localization_server:/home/ubuntu/ros2_ws/install/execution_policy_server:/home/ubuntu/ros2_ws/install/irobot_create_msgs:/home/ubuntu/ros2_ws/install/commander_server:/home/ubuntu/ros2_ws/install/cartographer_slam:/opt/ros/humble /usr/bin/cmake --install /home/ubuntu/ros2_ws/build/turtlebot4_desktop
[9.653s] -- Install configuration: ""
[9.662s] -- Execute custom install script
[9.672s] -- Symlinking: /home/ubuntu/ros2_ws/install/turtlebot4_desktop/share/ament_index/resource_index/package_run_dependencies/turtlebot4_desktop
[9.827s] -- Symlinking: /home/ubuntu/ros2_ws/install/turtlebot4_desktop/share/ament_index/resource_index/parent_prefix_path/turtlebot4_desktop
[9.929s] -- Symlinking: /home/ubuntu/ros2_ws/install/turtlebot4_desktop/share/turtlebot4_desktop/environment/ament_prefix_path.sh
[10.112s] -- Symlinking: /home/ubuntu/ros2_ws/install/turtlebot4_desktop/share/turtlebot4_desktop/environment/ament_prefix_path.dsv
[10.280s] -- Symlinking: /home/ubuntu/ros2_ws/install/turtlebot4_desktop/share/turtlebot4_desktop/environment/path.sh
[10.340s] -- Symlinking: /home/ubuntu/ros2_ws/install/turtlebot4_desktop/share/turtlebot4_desktop/environment/path.dsv
[10.406s] -- Symlinking: /home/ubuntu/ros2_ws/install/turtlebot4_desktop/share/turtlebot4_desktop/local_setup.bash
[10.499s] -- Symlinking: /home/ubuntu/ros2_ws/install/turtlebot4_desktop/share/turtlebot4_desktop/local_setup.sh
[10.642s] -- Symlinking: /home/ubuntu/ros2_ws/install/turtlebot4_desktop/share/turtlebot4_desktop/local_setup.zsh
[10.757s] -- Symlinking: /home/ubuntu/ros2_ws/install/turtlebot4_desktop/share/turtlebot4_desktop/local_setup.dsv
[10.930s] -- Symlinking: /home/ubuntu/ros2_ws/install/turtlebot4_desktop/share/turtlebot4_desktop/package.dsv
[11.069s] -- Symlinking: /home/ubuntu/ros2_ws/install/turtlebot4_desktop/share/ament_index/resource_index/packages/turtlebot4_desktop
[11.170s] -- Symlinking: /home/ubuntu/ros2_ws/install/turtlebot4_desktop/share/turtlebot4_desktop/cmake/turtlebot4_desktopConfig.cmake
[11.274s] -- Symlinking: /home/ubuntu/ros2_ws/install/turtlebot4_desktop/share/turtlebot4_desktop/cmake/turtlebot4_desktopConfig-version.cmake
[11.353s] -- Symlinking: /home/ubuntu/ros2_ws/install/turtlebot4_desktop/share/turtlebot4_desktop/package.xml
[11.473s] Invoked command in '/home/ubuntu/ros2_ws/build/turtlebot4_desktop' returned '0': CMAKE_PREFIX_PATH=/home/ubuntu/ros2_ws/install/turtlebot4_viz:/home/ubuntu/ros2_ws/install/turtlebot4_description:/home/ubuntu/ros2_ws/install/turtlebot4_desktop:/home/ubuntu/ros2_ws/install/turtlebot4_node:/home/ubuntu/ros2_ws/install/turtlebot4_navigation:/home/ubuntu/ros2_ws/install/turtlebot4_msgs:/home/ubuntu/ros2_ws/install/spl_bringup:/home/ubuntu/ros2_ws/install/rviz2_server:/home/ubuntu/ros2_ws/install/path_planner_server:/home/ubuntu/ros2_ws/install/nav2_straightline_planner:/home/ubuntu/ros2_ws/install/localization_server:/home/ubuntu/ros2_ws/install/execution_policy_server:/home/ubuntu/ros2_ws/install/irobot_create_msgs:/home/ubuntu/ros2_ws/install/commander_server:/home/ubuntu/ros2_ws/install/cartographer_slam:/opt/ros/humble /usr/bin/cmake --install /home/ubuntu/ros2_ws/build/turtlebot4_desktop
