-- The C compiler identification is GNU 11.3.0
-- The CXX compiler identification is GNU 11.3.0
-- Detecting C compiler ABI info
-- Detecting C compiler ABI info - done
-- Check for working C compiler: /usr/bin/cc - skipped
-- Detecting C compile features
-- Detecting C compile features - done
-- Detecting CXX compiler ABI info
-- Detecting CXX compiler ABI info - done
-- Check for working CXX compiler: /usr/bin/c++ - skipped
-- Detecting CXX compile features
-- Detecting CXX compile features - done
-- Found ament_cmake: 1.3.5 (/opt/ros/humble/share/ament_cmake/cmake)
-- Found Python3: /usr/bin/python3.10 (found version "3.10.6") found components: Interpreter 
-- Override CMake install command with custom implementation using symlinks instead of copying resources
-- Found rclcpp: 16.0.5 (/opt/ros/humble/share/rclcpp/cmake)
-- Found rosidl_generator_c: 3.1.5 (/opt/ros/humble/share/rosidl_generator_c/cmake)
-- Found rosidl_adapter: 3.1.5 (/opt/ros/humble/share/rosidl_adapter/cmake)
-- Found rosidl_generator_cpp: 3.1.5 (/opt/ros/humble/share/rosidl_generator_cpp/cmake)
-- Using all available rosidl_typesupport_c: rosidl_typesupport_fastrtps_c;rosidl_typesupport_introspection_c
-- Using all available rosidl_typesupport_cpp: rosidl_typesupport_fastrtps_cpp;rosidl_typesupport_introspection_cpp
-- Found rmw_implementation_cmake: 6.1.1 (/opt/ros/humble/share/rmw_implementation_cmake/cmake)
-- Found rmw_cyclonedds_cpp: 1.3.4 (/opt/ros/humble/share/rmw_cyclonedds_cpp/cmake)
-- Using RMW implementation 'rmw_cyclonedds_cpp' as default
-- Looking for pthread.h
-- Looking for pthread.h - found
-- Performing Test CMAKE_HAVE_LIBC_PTHREAD
-- Performing Test CMAKE_HAVE_LIBC_PTHREAD - Success
-- Found Threads: TRUE  
-- Found rclpy: 3.3.9 (/opt/ros/humble/share/rclpy/cmake)
-- Found geometry_msgs: 4.2.3 (/opt/ros/humble/share/geometry_msgs/cmake)
-- Configuring done
-- Generating done
-- Build files have been written to: /home/ubuntu/ros2_ws/build/commander_server
Built target ament_cmake_python_symlink_commander_server
running egg_info
creating commander_server.egg-info
writing commander_server.egg-info/PKG-INFO
writing dependency_links to commander_server.egg-info/dependency_links.txt
writing top-level names to commander_server.egg-info/top_level.txt
writing manifest file 'commander_server.egg-info/SOURCES.txt'
reading manifest file 'commander_server.egg-info/SOURCES.txt'
writing manifest file 'commander_server.egg-info/SOURCES.txt'
Built target ament_cmake_python_build_commander_server_egg
-- Install configuration: ""
-- Execute custom install script
-- Symlinking: /home/ubuntu/ros2_ws/install/commander_server/share/commander_server/environment/pythonpath.sh
-- Symlinking: /home/ubuntu/ros2_ws/install/commander_server/share/commander_server/environment/pythonpath.dsv
-- Symlinking: /home/ubuntu/ros2_ws/install/commander_server/local/lib/python3.10/dist-packages/commander_server-0.0.0-py3.10.egg-info/PKG-INFO
-- Symlinking: /home/ubuntu/ros2_ws/install/commander_server/local/lib/python3.10/dist-packages/commander_server-0.0.0-py3.10.egg-info/SOURCES.txt
-- Symlinking: /home/ubuntu/ros2_ws/install/commander_server/local/lib/python3.10/dist-packages/commander_server-0.0.0-py3.10.egg-info/dependency_links.txt
-- Symlinking: /home/ubuntu/ros2_ws/install/commander_server/local/lib/python3.10/dist-packages/commander_server-0.0.0-py3.10.egg-info/top_level.txt
-- Symlinking: /home/ubuntu/ros2_ws/install/commander_server/local/lib/python3.10/dist-packages/commander_server/__init__.py
-- Symlinking: /home/ubuntu/ros2_ws/install/commander_server/local/lib/python3.10/dist-packages/commander_server/turtlebot4_commander.py
-- Symlinking: /home/ubuntu/ros2_ws/install/commander_server/share/ament_index/resource_index/package_run_dependencies/commander_server
-- Symlinking: /home/ubuntu/ros2_ws/install/commander_server/share/ament_index/resource_index/parent_prefix_path/commander_server
-- Symlinking: /home/ubuntu/ros2_ws/install/commander_server/share/commander_server/environment/ament_prefix_path.sh
-- Symlinking: /home/ubuntu/ros2_ws/install/commander_server/share/commander_server/environment/ament_prefix_path.dsv
-- Symlinking: /home/ubuntu/ros2_ws/install/commander_server/share/commander_server/environment/path.sh
-- Symlinking: /home/ubuntu/ros2_ws/install/commander_server/share/commander_server/environment/path.dsv
-- Symlinking: /home/ubuntu/ros2_ws/install/commander_server/share/commander_server/local_setup.bash
-- Symlinking: /home/ubuntu/ros2_ws/install/commander_server/share/commander_server/local_setup.sh
-- Symlinking: /home/ubuntu/ros2_ws/install/commander_server/share/commander_server/local_setup.zsh
-- Symlinking: /home/ubuntu/ros2_ws/install/commander_server/share/commander_server/local_setup.dsv
-- Symlinking: /home/ubuntu/ros2_ws/install/commander_server/share/commander_server/package.dsv
-- Symlinking: /home/ubuntu/ros2_ws/install/commander_server/share/ament_index/resource_index/packages/commander_server
-- Symlinking: /home/ubuntu/ros2_ws/install/commander_server/share/commander_server/cmake/commander_serverConfig.cmake
-- Symlinking: /home/ubuntu/ros2_ws/install/commander_server/share/commander_server/cmake/commander_serverConfig-version.cmake
-- Symlinking: /home/ubuntu/ros2_ws/install/commander_server/share/commander_server/package.xml
Listing '/home/ubuntu/ros2_ws/install/commander_server/local/lib/python3.10/dist-packages/commander_server'...
Compiling '/home/ubuntu/ros2_ws/install/commander_server/local/lib/python3.10/dist-packages/commander_server/__init__.py'...
Compiling '/home/ubuntu/ros2_ws/install/commander_server/local/lib/python3.10/dist-packages/commander_server/turtlebot4_commander.py'...
