-- The C compiler identification is GNU 11.3.0
-- The CXX compiler identification is GNU 11.3.0
-- Detecting C compiler ABI info
-- Detecting C compiler ABI info - done
-- Check for working C compiler: /usr/bin/cc - skipped
-- Detecting C compile features
-- Detecting C compile features - done
-- Detecting CXX compiler ABI info
-- Detecting CXX compiler ABI info - done
-- Check for working CXX compiler: /usr/bin/c++ - skipped
-- Detecting CXX compile features
-- Detecting CXX compile features - done
-- Found ament_cmake: 1.3.5 (/opt/ros/humble/share/ament_cmake/cmake)
-- Found Python3: /usr/bin/python3.10 (found version "3.10.6") found components: Interpreter 
-- Override CMake install command with custom implementation using symlinks instead of copying resources
-- Found rclcpp: 16.0.5 (/opt/ros/humble/share/rclcpp/cmake)
-- Found rosidl_generator_c: 3.1.5 (/opt/ros/humble/share/rosidl_generator_c/cmake)
-- Found rosidl_adapter: 3.1.5 (/opt/ros/humble/share/rosidl_adapter/cmake)
-- Found rosidl_generator_cpp: 3.1.5 (/opt/ros/humble/share/rosidl_generator_cpp/cmake)
-- Using all available rosidl_typesupport_c: rosidl_typesupport_fastrtps_c;rosidl_typesupport_introspection_c
-- Using all available rosidl_typesupport_cpp: rosidl_typesupport_fastrtps_cpp;rosidl_typesupport_introspection_cpp
-- Found rmw_implementation_cmake: 6.1.1 (/opt/ros/humble/share/rmw_implementation_cmake/cmake)
-- Found rmw_cyclonedds_cpp: 1.3.4 (/opt/ros/humble/share/rmw_cyclonedds_cpp/cmake)
-- Using RMW implementation 'rmw_cyclonedds_cpp' as default
-- Looking for pthread.h
-- Looking for pthread.h - found
-- Performing Test CMAKE_HAVE_LIBC_PTHREAD
-- Performing Test CMAKE_HAVE_LIBC_PTHREAD - Success
-- Found Threads: TRUE  
-- Found ament_lint_auto: 0.12.7 (/opt/ros/humble/share/ament_lint_auto/cmake)
-- Added test 'copyright' to check source files copyright and LICENSE
-- Added test 'flake8' to check Python code syntax and style conventions
-- Added test 'lint_cmake' to check CMake code style
-- Added test 'pep257' to check Python code against some of the docstring style conventions in PEP 257
-- Added test 'xmllint' to check XML markup files
-- Configuring done
-- Generating done
-- Build files have been written to: /home/ubuntu/ros2_ws/build/spl_bringup
-- Install configuration: ""
-- Execute custom install script
-- Symlinking: /home/ubuntu/ros2_ws/install/spl_bringup/share/spl_bringup/launch/turtlebot4.launch.py
-- Symlinking: /home/ubuntu/ros2_ws/install/spl_bringup/share/ament_index/resource_index/package_run_dependencies/spl_bringup
-- Symlinking: /home/ubuntu/ros2_ws/install/spl_bringup/share/ament_index/resource_index/parent_prefix_path/spl_bringup
-- Symlinking: /home/ubuntu/ros2_ws/install/spl_bringup/share/spl_bringup/environment/ament_prefix_path.sh
-- Symlinking: /home/ubuntu/ros2_ws/install/spl_bringup/share/spl_bringup/environment/ament_prefix_path.dsv
-- Symlinking: /home/ubuntu/ros2_ws/install/spl_bringup/share/spl_bringup/environment/path.sh
-- Symlinking: /home/ubuntu/ros2_ws/install/spl_bringup/share/spl_bringup/environment/path.dsv
-- Symlinking: /home/ubuntu/ros2_ws/install/spl_bringup/share/spl_bringup/local_setup.bash
-- Symlinking: /home/ubuntu/ros2_ws/install/spl_bringup/share/spl_bringup/local_setup.sh
-- Symlinking: /home/ubuntu/ros2_ws/install/spl_bringup/share/spl_bringup/local_setup.zsh
-- Symlinking: /home/ubuntu/ros2_ws/install/spl_bringup/share/spl_bringup/local_setup.dsv
-- Symlinking: /home/ubuntu/ros2_ws/install/spl_bringup/share/spl_bringup/package.dsv
-- Symlinking: /home/ubuntu/ros2_ws/install/spl_bringup/share/ament_index/resource_index/packages/spl_bringup
-- Symlinking: /home/ubuntu/ros2_ws/install/spl_bringup/share/spl_bringup/cmake/spl_bringupConfig.cmake
-- Symlinking: /home/ubuntu/ros2_ws/install/spl_bringup/share/spl_bringup/cmake/spl_bringupConfig-version.cmake
-- Symlinking: /home/ubuntu/ros2_ws/install/spl_bringup/share/spl_bringup/package.xml
