[0.138s] Invoking command in '/home/ubuntu/ros2_ws/build/spl_bringup': CMAKE_PREFIX_PATH=${CMAKE_PREFIX_PATH}:/opt/ros/humble /usr/bin/cmake /home/ubuntu/ros2_ws/src/spl_packages/spl_bringup -DAMENT_CMAKE_SYMLINK_INSTALL=1 -DCMAKE_INSTALL_PREFIX=/home/ubuntu/ros2_ws/install/spl_bringup
[0.802s] -- The C compiler identification is GNU 11.3.0
[1.417s] -- The CXX compiler identification is GNU 11.3.0
[1.526s] -- Detecting C compiler ABI info
[2.595s] -- Detecting C compiler ABI info - done
[2.657s] -- Check for working C compiler: /usr/bin/cc - skipped
[2.661s] -- Detecting C compile features
[2.667s] -- Detecting C compile features - done
[2.694s] -- Detecting CXX compiler ABI info
[3.465s] -- Detecting CXX compiler ABI info - done
[3.610s] -- Check for working CXX compiler: /usr/bin/c++ - skipped
[3.621s] -- Detecting CXX compile features
[3.625s] -- Detecting CXX compile features - done
[3.707s] -- Found ament_cmake: 1.3.5 (/opt/ros/humble/share/ament_cmake/cmake)
[5.898s] -- Found Python3: /usr/bin/python3.10 (found version "3.10.6") found components: Interpreter 
[6.684s] -- Override CMake install command with custom implementation using symlinks instead of copying resources
[7.591s] -- Found rclcpp: 16.0.5 (/opt/ros/humble/share/rclcpp/cmake)
[8.407s] -- Found rosidl_generator_c: 3.1.5 (/opt/ros/humble/share/rosidl_generator_c/cmake)
[8.577s] -- Found rosidl_adapter: 3.1.5 (/opt/ros/humble/share/rosidl_adapter/cmake)
[8.846s] -- Found rosidl_generator_cpp: 3.1.5 (/opt/ros/humble/share/rosidl_generator_cpp/cmake)
[9.090s] -- Using all available rosidl_typesupport_c: rosidl_typesupport_fastrtps_c;rosidl_typesupport_introspection_c
[9.675s] -- Using all available rosidl_typesupport_cpp: rosidl_typesupport_fastrtps_cpp;rosidl_typesupport_introspection_cpp
[10.865s] -- Found rmw_implementation_cmake: 6.1.1 (/opt/ros/humble/share/rmw_implementation_cmake/cmake)
[10.951s] -- Found rmw_cyclonedds_cpp: 1.3.4 (/opt/ros/humble/share/rmw_cyclonedds_cpp/cmake)
[11.491s] -- Using RMW implementation 'rmw_cyclonedds_cpp' as default
[11.746s] -- Looking for pthread.h
[12.549s] -- Looking for pthread.h - found
[12.551s] -- Performing Test CMAKE_HAVE_LIBC_PTHREAD
[13.381s] -- Performing Test CMAKE_HAVE_LIBC_PTHREAD - Success
[13.382s] -- Found Threads: TRUE  
[14.562s] -- Found ament_lint_auto: 0.12.7 (/opt/ros/humble/share/ament_lint_auto/cmake)
[15.859s] -- Added test 'copyright' to check source files copyright and LICENSE
[15.880s] -- Added test 'flake8' to check Python code syntax and style conventions
[15.889s] -- Added test 'lint_cmake' to check CMake code style
[15.898s] -- Added test 'pep257' to check Python code against some of the docstring style conventions in PEP 257
[15.912s] -- Added test 'xmllint' to check XML markup files
[15.942s] -- Configuring done
[16.012s] -- Generating done
[16.021s] -- Build files have been written to: /home/ubuntu/ros2_ws/build/spl_bringup
[16.102s] Invoked command in '/home/ubuntu/ros2_ws/build/spl_bringup' returned '0': CMAKE_PREFIX_PATH=${CMAKE_PREFIX_PATH}:/opt/ros/humble /usr/bin/cmake /home/ubuntu/ros2_ws/src/spl_packages/spl_bringup -DAMENT_CMAKE_SYMLINK_INSTALL=1 -DCMAKE_INSTALL_PREFIX=/home/ubuntu/ros2_ws/install/spl_bringup
[16.105s] Invoking command in '/home/ubuntu/ros2_ws/build/spl_bringup': CMAKE_PREFIX_PATH=${CMAKE_PREFIX_PATH}:/opt/ros/humble /usr/bin/cmake --build /home/ubuntu/ros2_ws/build/spl_bringup -- -j4 -l4
[16.657s] Invoked command in '/home/ubuntu/ros2_ws/build/spl_bringup' returned '0': CMAKE_PREFIX_PATH=${CMAKE_PREFIX_PATH}:/opt/ros/humble /usr/bin/cmake --build /home/ubuntu/ros2_ws/build/spl_bringup -- -j4 -l4
[16.850s] Invoking command in '/home/ubuntu/ros2_ws/build/spl_bringup': CMAKE_PREFIX_PATH=${CMAKE_PREFIX_PATH}:/opt/ros/humble /usr/bin/cmake --install /home/ubuntu/ros2_ws/build/spl_bringup
[16.891s] -- Install configuration: ""
[16.898s] -- Execute custom install script
[16.905s] -- Symlinking: /home/ubuntu/ros2_ws/install/spl_bringup/share/spl_bringup/launch/turtlebot4.launch.py
[16.963s] -- Symlinking: /home/ubuntu/ros2_ws/install/spl_bringup/share/ament_index/resource_index/package_run_dependencies/spl_bringup
[17.016s] -- Symlinking: /home/ubuntu/ros2_ws/install/spl_bringup/share/ament_index/resource_index/parent_prefix_path/spl_bringup
[17.095s] -- Symlinking: /home/ubuntu/ros2_ws/install/spl_bringup/share/spl_bringup/environment/ament_prefix_path.sh
[17.163s] -- Symlinking: /home/ubuntu/ros2_ws/install/spl_bringup/share/spl_bringup/environment/ament_prefix_path.dsv
[17.273s] -- Symlinking: /home/ubuntu/ros2_ws/install/spl_bringup/share/spl_bringup/environment/path.sh
[17.329s] -- Symlinking: /home/ubuntu/ros2_ws/install/spl_bringup/share/spl_bringup/environment/path.dsv
[17.383s] -- Symlinking: /home/ubuntu/ros2_ws/install/spl_bringup/share/spl_bringup/local_setup.bash
[17.457s] -- Symlinking: /home/ubuntu/ros2_ws/install/spl_bringup/share/spl_bringup/local_setup.sh
[17.515s] -- Symlinking: /home/ubuntu/ros2_ws/install/spl_bringup/share/spl_bringup/local_setup.zsh
[17.591s] -- Symlinking: /home/ubuntu/ros2_ws/install/spl_bringup/share/spl_bringup/local_setup.dsv
[17.641s] -- Symlinking: /home/ubuntu/ros2_ws/install/spl_bringup/share/spl_bringup/package.dsv
[17.720s] -- Symlinking: /home/ubuntu/ros2_ws/install/spl_bringup/share/ament_index/resource_index/packages/spl_bringup
[17.788s] -- Symlinking: /home/ubuntu/ros2_ws/install/spl_bringup/share/spl_bringup/cmake/spl_bringupConfig.cmake
[17.868s] -- Symlinking: /home/ubuntu/ros2_ws/install/spl_bringup/share/spl_bringup/cmake/spl_bringupConfig-version.cmake
[17.994s] -- Symlinking: /home/ubuntu/ros2_ws/install/spl_bringup/share/spl_bringup/package.xml
[18.138s] Invoked command in '/home/ubuntu/ros2_ws/build/spl_bringup' returned '0': CMAKE_PREFIX_PATH=${CMAKE_PREFIX_PATH}:/opt/ros/humble /usr/bin/cmake --install /home/ubuntu/ros2_ws/build/spl_bringup
