[0.217s] Invoking command in '/home/ubuntu/ros2_ws/build/path_planner_server': CMAKE_PREFIX_PATH=${CMAKE_PREFIX_PATH}:/opt/ros/humble /usr/bin/cmake /home/ubuntu/ros2_ws/src/spl_packages/path_planner_server -DAMENT_CMAKE_SYMLINK_INSTALL=1 -DCMAKE_INSTALL_PREFIX=/home/ubuntu/ros2_ws/install/path_planner_server
[1.177s] -- The C compiler identification is GNU 11.3.0
[2.033s] -- The CXX compiler identification is GNU 11.3.0
[2.154s] -- Detecting C compiler ABI info
[3.528s] -- Detecting C compiler ABI info - done
[3.633s] -- Check for working C compiler: /usr/bin/cc - skipped
[3.637s] -- Detecting C compile features
[3.639s] -- Detecting C compile features - done
[3.689s] -- Detecting CXX compiler ABI info
[4.953s] -- Detecting CXX compiler ABI info - done
[5.024s] -- Check for working CXX compiler: /usr/bin/c++ - skipped
[5.026s] -- Detecting CXX compile features
[5.029s] -- Detecting CXX compile features - done
[5.081s] -- Found ament_cmake: 1.3.5 (/opt/ros/humble/share/ament_cmake/cmake)
[8.100s] -- Found Python3: /usr/bin/python3.10 (found version "3.10.6") found components: Interpreter 
[9.084s] -- Override CMake install command with custom implementation using symlinks instead of copying resources
[10.202s] -- Found rclcpp: 16.0.5 (/opt/ros/humble/share/rclcpp/cmake)
[11.065s] -- Found rosidl_generator_c: 3.1.5 (/opt/ros/humble/share/rosidl_generator_c/cmake)
[11.181s] -- Found rosidl_adapter: 3.1.5 (/opt/ros/humble/share/rosidl_adapter/cmake)
[11.398s] -- Found rosidl_generator_cpp: 3.1.5 (/opt/ros/humble/share/rosidl_generator_cpp/cmake)
[11.619s] -- Using all available rosidl_typesupport_c: rosidl_typesupport_fastrtps_c;rosidl_typesupport_introspection_c
[11.866s] -- Using all available rosidl_typesupport_cpp: rosidl_typesupport_fastrtps_cpp;rosidl_typesupport_introspection_cpp
[12.944s] -- Found rmw_implementation_cmake: 6.1.1 (/opt/ros/humble/share/rmw_implementation_cmake/cmake)
[12.995s] -- Found rmw_cyclonedds_cpp: 1.3.4 (/opt/ros/humble/share/rmw_cyclonedds_cpp/cmake)
[13.394s] -- Using RMW implementation 'rmw_cyclonedds_cpp' as default
[13.754s] -- Looking for pthread.h
[14.516s] -- Looking for pthread.h - found
[14.518s] -- Performing Test CMAKE_HAVE_LIBC_PTHREAD
[15.422s] -- Performing Test CMAKE_HAVE_LIBC_PTHREAD - Success
[15.441s] -- Found Threads: TRUE  
[16.730s] -- Found ament_lint_auto: 0.12.7 (/opt/ros/humble/share/ament_lint_auto/cmake)
[17.728s] -- Added test 'copyright' to check source files copyright and LICENSE
[17.747s] -- Added test 'flake8' to check Python code syntax and style conventions
[17.758s] -- Added test 'lint_cmake' to check CMake code style
[17.763s] -- Added test 'pep257' to check Python code against some of the docstring style conventions in PEP 257
[17.776s] -- Added test 'xmllint' to check XML markup files
[17.792s] -- Configuring done
[17.839s] -- Generating done
[17.851s] -- Build files have been written to: /home/ubuntu/ros2_ws/build/path_planner_server
[17.890s] Invoked command in '/home/ubuntu/ros2_ws/build/path_planner_server' returned '0': CMAKE_PREFIX_PATH=${CMAKE_PREFIX_PATH}:/opt/ros/humble /usr/bin/cmake /home/ubuntu/ros2_ws/src/spl_packages/path_planner_server -DAMENT_CMAKE_SYMLINK_INSTALL=1 -DCMAKE_INSTALL_PREFIX=/home/ubuntu/ros2_ws/install/path_planner_server
[17.900s] Invoking command in '/home/ubuntu/ros2_ws/build/path_planner_server': CMAKE_PREFIX_PATH=${CMAKE_PREFIX_PATH}:/opt/ros/humble /usr/bin/cmake --build /home/ubuntu/ros2_ws/build/path_planner_server -- -j4 -l4
[18.189s] Invoked command in '/home/ubuntu/ros2_ws/build/path_planner_server' returned '0': CMAKE_PREFIX_PATH=${CMAKE_PREFIX_PATH}:/opt/ros/humble /usr/bin/cmake --build /home/ubuntu/ros2_ws/build/path_planner_server -- -j4 -l4
[18.406s] Invoking command in '/home/ubuntu/ros2_ws/build/path_planner_server': CMAKE_PREFIX_PATH=${CMAKE_PREFIX_PATH}:/opt/ros/humble /usr/bin/cmake --install /home/ubuntu/ros2_ws/build/path_planner_server
[18.471s] -- Install configuration: ""
[18.473s] -- Execute custom install script
[18.479s] -- Symlinking: /home/ubuntu/ros2_ws/install/path_planner_server/share/path_planner_server/launch/pathplanner.launch.py
[18.539s] -- Symlinking: /home/ubuntu/ros2_ws/install/path_planner_server/share/path_planner_server/config/behavior.xml
[18.621s] -- Symlinking: /home/ubuntu/ros2_ws/install/path_planner_server/share/path_planner_server/config/nav2_params.yaml
[18.676s] -- Symlinking: /home/ubuntu/ros2_ws/install/path_planner_server/share/path_planner_server/config/navigate_through_poses_w_replanning_and_recovery.xml
[18.728s] -- Symlinking: /home/ubuntu/ros2_ws/install/path_planner_server/share/ament_index/resource_index/package_run_dependencies/path_planner_server
[18.776s] -- Symlinking: /home/ubuntu/ros2_ws/install/path_planner_server/share/ament_index/resource_index/parent_prefix_path/path_planner_server
[18.822s] -- Symlinking: /home/ubuntu/ros2_ws/install/path_planner_server/share/path_planner_server/environment/ament_prefix_path.sh
[18.876s] -- Symlinking: /home/ubuntu/ros2_ws/install/path_planner_server/share/path_planner_server/environment/ament_prefix_path.dsv
[18.926s] -- Symlinking: /home/ubuntu/ros2_ws/install/path_planner_server/share/path_planner_server/environment/path.sh
[18.975s] -- Symlinking: /home/ubuntu/ros2_ws/install/path_planner_server/share/path_planner_server/environment/path.dsv
[19.020s] -- Symlinking: /home/ubuntu/ros2_ws/install/path_planner_server/share/path_planner_server/local_setup.bash
[19.077s] -- Symlinking: /home/ubuntu/ros2_ws/install/path_planner_server/share/path_planner_server/local_setup.sh
[19.117s] -- Symlinking: /home/ubuntu/ros2_ws/install/path_planner_server/share/path_planner_server/local_setup.zsh
[19.177s] -- Symlinking: /home/ubuntu/ros2_ws/install/path_planner_server/share/path_planner_server/local_setup.dsv
[19.242s] -- Symlinking: /home/ubuntu/ros2_ws/install/path_planner_server/share/path_planner_server/package.dsv
[19.289s] -- Symlinking: /home/ubuntu/ros2_ws/install/path_planner_server/share/ament_index/resource_index/packages/path_planner_server
[19.346s] -- Symlinking: /home/ubuntu/ros2_ws/install/path_planner_server/share/path_planner_server/cmake/path_planner_serverConfig.cmake
[19.417s] -- Symlinking: /home/ubuntu/ros2_ws/install/path_planner_server/share/path_planner_server/cmake/path_planner_serverConfig-version.cmake
[19.499s] -- Symlinking: /home/ubuntu/ros2_ws/install/path_planner_server/share/path_planner_server/package.xml
[19.573s] Invoked command in '/home/ubuntu/ros2_ws/build/path_planner_server' returned '0': CMAKE_PREFIX_PATH=${CMAKE_PREFIX_PATH}:/opt/ros/humble /usr/bin/cmake --install /home/ubuntu/ros2_ws/build/path_planner_server
