[0.097s] Invoking command in '/home/ubuntu/ros2_ws/build/turtlebot4_navigation': CMAKE_PREFIX_PATH=${CMAKE_PREFIX_PATH}:/opt/ros/humble /usr/bin/cmake /home/ubuntu/ros2_ws/src/turtlebot4/turtlebot4_navigation -DAMENT_CMAKE_SYMLINK_INSTALL=1 -DCMAKE_INSTALL_PREFIX=/home/ubuntu/ros2_ws/install/turtlebot4_navigation
[0.843s] -- The C compiler identification is GNU 11.3.0
[1.667s] -- The CXX compiler identification is GNU 11.3.0
[1.760s] -- Detecting C compiler ABI info
[2.610s] -- Detecting C compiler ABI info - done
[2.681s] -- Check for working C compiler: /usr/bin/cc - skipped
[2.685s] -- Detecting C compile features
[2.697s] -- Detecting C compile features - done
[2.712s] -- Detecting CXX compiler ABI info
[3.274s] -- Detecting CXX compiler ABI info - done
[3.320s] -- Check for working CXX compiler: /usr/bin/c++ - skipped
[3.324s] -- Detecting CXX compile features
[3.328s] -- Detecting CXX compile features - done
[3.384s] -- Found ament_cmake: 1.3.5 (/opt/ros/humble/share/ament_cmake/cmake)
[5.396s] -- Found Python3: /usr/bin/python3.10 (found version "3.10.6") found components: Interpreter 
[6.000s] -- Override CMake install command with custom implementation using symlinks instead of copying resources
[7.940s] -- Found ament_lint_auto: 0.12.7 (/opt/ros/humble/share/ament_lint_auto/cmake)
[9.537s] -- Added test 'copyright' to check source files copyright and LICENSE
[9.588s] -- Added test 'flake8' to check Python code syntax and style conventions
[9.601s] -- Added test 'lint_cmake' to check CMake code style
[9.613s] -- Added test 'pep257' to check Python code against some of the docstring style conventions in PEP 257
[9.635s] -- Added test 'xmllint' to check XML markup files
[9.670s] -- Configuring done
[9.734s] -- Generating done
[9.744s] -- Build files have been written to: /home/ubuntu/ros2_ws/build/turtlebot4_navigation
[9.787s] Invoked command in '/home/ubuntu/ros2_ws/build/turtlebot4_navigation' returned '0': CMAKE_PREFIX_PATH=${CMAKE_PREFIX_PATH}:/opt/ros/humble /usr/bin/cmake /home/ubuntu/ros2_ws/src/turtlebot4/turtlebot4_navigation -DAMENT_CMAKE_SYMLINK_INSTALL=1 -DCMAKE_INSTALL_PREFIX=/home/ubuntu/ros2_ws/install/turtlebot4_navigation
[9.789s] Invoking command in '/home/ubuntu/ros2_ws/build/turtlebot4_navigation': CMAKE_PREFIX_PATH=${CMAKE_PREFIX_PATH}:/opt/ros/humble /usr/bin/cmake --build /home/ubuntu/ros2_ws/build/turtlebot4_navigation -- -j4 -l4
[10.499s] Built target ament_cmake_python_symlink_turtlebot4_navigation
[13.179s] running egg_info
[13.183s] creating turtlebot4_navigation.egg-info
[13.184s] writing turtlebot4_navigation.egg-info/PKG-INFO
[13.186s] writing dependency_links to turtlebot4_navigation.egg-info/dependency_links.txt
[13.188s] writing top-level names to turtlebot4_navigation.egg-info/top_level.txt
[13.190s] writing manifest file 'turtlebot4_navigation.egg-info/SOURCES.txt'
[13.204s] reading manifest file 'turtlebot4_navigation.egg-info/SOURCES.txt'
[13.208s] writing manifest file 'turtlebot4_navigation.egg-info/SOURCES.txt'
[13.537s] Built target ament_cmake_python_build_turtlebot4_navigation_egg
[13.684s] Invoked command in '/home/ubuntu/ros2_ws/build/turtlebot4_navigation' returned '0': CMAKE_PREFIX_PATH=${CMAKE_PREFIX_PATH}:/opt/ros/humble /usr/bin/cmake --build /home/ubuntu/ros2_ws/build/turtlebot4_navigation -- -j4 -l4
[14.210s] Invoking command in '/home/ubuntu/ros2_ws/build/turtlebot4_navigation': CMAKE_PREFIX_PATH=${CMAKE_PREFIX_PATH}:/opt/ros/humble /usr/bin/cmake --install /home/ubuntu/ros2_ws/build/turtlebot4_navigation
[14.302s] -- Install configuration: ""
[14.309s] -- Execute custom install script
[14.316s] -- Symlinking: /home/ubuntu/ros2_ws/install/turtlebot4_navigation/share/turtlebot4_navigation/config/localization.yaml
[14.403s] -- Symlinking: /home/ubuntu/ros2_ws/install/turtlebot4_navigation/share/turtlebot4_navigation/config/nav2.yaml
[14.593s] -- Symlinking: /home/ubuntu/ros2_ws/install/turtlebot4_navigation/share/turtlebot4_navigation/config/slam.yaml
[14.811s] -- Symlinking: /home/ubuntu/ros2_ws/install/turtlebot4_navigation/share/turtlebot4_navigation/launch/localization.launch.py
[14.964s] -- Symlinking: /home/ubuntu/ros2_ws/install/turtlebot4_navigation/share/turtlebot4_navigation/launch/nav2.launch.py
[15.143s] -- Symlinking: /home/ubuntu/ros2_ws/install/turtlebot4_navigation/share/turtlebot4_navigation/launch/slam.launch.py
[15.308s] -- Symlinking: /home/ubuntu/ros2_ws/install/turtlebot4_navigation/share/turtlebot4_navigation/maps/depot.pgm
[15.450s] -- Symlinking: /home/ubuntu/ros2_ws/install/turtlebot4_navigation/share/turtlebot4_navigation/maps/depot.yaml
[15.602s] -- Symlinking: /home/ubuntu/ros2_ws/install/turtlebot4_navigation/share/turtlebot4_navigation/maps/maze.pgm
[15.723s] -- Symlinking: /home/ubuntu/ros2_ws/install/turtlebot4_navigation/share/turtlebot4_navigation/maps/maze.yaml
[15.898s] -- Symlinking: /home/ubuntu/ros2_ws/install/turtlebot4_navigation/share/turtlebot4_navigation/maps/warehouse.pgm
[15.993s] -- Symlinking: /home/ubuntu/ros2_ws/install/turtlebot4_navigation/share/turtlebot4_navigation/maps/warehouse.yaml
[16.040s] -- Symlinking: /home/ubuntu/ros2_ws/install/turtlebot4_navigation/share/turtlebot4_navigation/environment/pythonpath.sh
[16.109s] -- Symlinking: /home/ubuntu/ros2_ws/install/turtlebot4_navigation/share/turtlebot4_navigation/environment/pythonpath.dsv
[16.213s] -- Symlinking: /home/ubuntu/ros2_ws/install/turtlebot4_navigation/local/lib/python3.10/dist-packages/turtlebot4_navigation-1.0.3-py3.10.egg-info/PKG-INFO
[16.316s] -- Symlinking: /home/ubuntu/ros2_ws/install/turtlebot4_navigation/local/lib/python3.10/dist-packages/turtlebot4_navigation-1.0.3-py3.10.egg-info/SOURCES.txt
[16.434s] -- Symlinking: /home/ubuntu/ros2_ws/install/turtlebot4_navigation/local/lib/python3.10/dist-packages/turtlebot4_navigation-1.0.3-py3.10.egg-info/dependency_links.txt
[16.528s] -- Symlinking: /home/ubuntu/ros2_ws/install/turtlebot4_navigation/local/lib/python3.10/dist-packages/turtlebot4_navigation-1.0.3-py3.10.egg-info/top_level.txt
[16.610s] -- Symlinking: /home/ubuntu/ros2_ws/install/turtlebot4_navigation/local/lib/python3.10/dist-packages/turtlebot4_navigation/__init__.py
[16.694s] -- Symlinking: /home/ubuntu/ros2_ws/install/turtlebot4_navigation/local/lib/python3.10/dist-packages/turtlebot4_navigation/turtlebot4_navigator.py
[16.793s] -- Symlinking: /home/ubuntu/ros2_ws/install/turtlebot4_navigation/local/lib/python3.10/dist-packages/turtlebot4_navigator.py
[16.871s] -- Symlinking: /home/ubuntu/ros2_ws/install/turtlebot4_navigation/share/ament_index/resource_index/package_run_dependencies/turtlebot4_navigation
[16.938s] -- Symlinking: /home/ubuntu/ros2_ws/install/turtlebot4_navigation/share/ament_index/resource_index/parent_prefix_path/turtlebot4_navigation
[17.012s] -- Symlinking: /home/ubuntu/ros2_ws/install/turtlebot4_navigation/share/turtlebot4_navigation/environment/ament_prefix_path.sh
[17.046s] -- Symlinking: /home/ubuntu/ros2_ws/install/turtlebot4_navigation/share/turtlebot4_navigation/environment/ament_prefix_path.dsv
[17.108s] -- Symlinking: /home/ubuntu/ros2_ws/install/turtlebot4_navigation/share/turtlebot4_navigation/environment/path.sh
[17.167s] -- Symlinking: /home/ubuntu/ros2_ws/install/turtlebot4_navigation/share/turtlebot4_navigation/environment/path.dsv
[17.221s] -- Symlinking: /home/ubuntu/ros2_ws/install/turtlebot4_navigation/share/turtlebot4_navigation/local_setup.bash
[17.271s] -- Symlinking: /home/ubuntu/ros2_ws/install/turtlebot4_navigation/share/turtlebot4_navigation/local_setup.sh
[17.324s] -- Symlinking: /home/ubuntu/ros2_ws/install/turtlebot4_navigation/share/turtlebot4_navigation/local_setup.zsh
[17.365s] -- Symlinking: /home/ubuntu/ros2_ws/install/turtlebot4_navigation/share/turtlebot4_navigation/local_setup.dsv
[17.412s] -- Symlinking: /home/ubuntu/ros2_ws/install/turtlebot4_navigation/share/turtlebot4_navigation/package.dsv
[17.465s] -- Symlinking: /home/ubuntu/ros2_ws/install/turtlebot4_navigation/share/ament_index/resource_index/packages/turtlebot4_navigation
[17.550s] -- Symlinking: /home/ubuntu/ros2_ws/install/turtlebot4_navigation/share/turtlebot4_navigation/cmake/turtlebot4_navigationConfig.cmake
[17.651s] -- Symlinking: /home/ubuntu/ros2_ws/install/turtlebot4_navigation/share/turtlebot4_navigation/cmake/turtlebot4_navigationConfig-version.cmake
[17.762s] -- Symlinking: /home/ubuntu/ros2_ws/install/turtlebot4_navigation/share/turtlebot4_navigation/package.xml
[18.187s] Listing '/home/ubuntu/ros2_ws/install/turtlebot4_navigation/local/lib/python3.10/dist-packages/turtlebot4_navigation'...
[18.188s] Compiling '/home/ubuntu/ros2_ws/install/turtlebot4_navigation/local/lib/python3.10/dist-packages/turtlebot4_navigation/__init__.py'...
[18.189s] Compiling '/home/ubuntu/ros2_ws/install/turtlebot4_navigation/local/lib/python3.10/dist-packages/turtlebot4_navigation/turtlebot4_navigator.py'...
[18.736s] Compiling '/home/ubuntu/ros2_ws/install/turtlebot4_navigation/local/lib/python3.10/dist-packages/turtlebot4_navigator.py'...
[18.796s] Invoked command in '/home/ubuntu/ros2_ws/build/turtlebot4_navigation' returned '0': CMAKE_PREFIX_PATH=${CMAKE_PREFIX_PATH}:/opt/ros/humble /usr/bin/cmake --install /home/ubuntu/ros2_ws/build/turtlebot4_navigation
